
****** Vivado v2021.1 (64-bit)
  **** SW Build 3247384 on Thu Jun 10 19:36:07 MDT 2021
  **** IP Build 3246043 on Fri Jun 11 00:30:35 MDT 2021
    ** Copyright 1986-2021 Xilinx, Inc. All Rights Reserved.

source /home/cc/eecs151/fa22/class/eecs151-adv/fpga_labs_fa22/lab4/../scripts/impl.tcl
# source ../target.tcl
## set ABS_TOP                         /home/cc/eecs151/fa22/class/eecs151-adv/fpga_labs_fa22/lab4
## set TOP                            z1top
## set FPGA_PART                      xc7z020clg400-1
## set_param general.maxThreads       4
## set_param general.maxBackupLogs    0
## set RTL { /home/cc/eecs151/fa22/class/eecs151-adv/fpga_labs_fa22/lab4/src/button_parser.v /home/cc/eecs151/fa22/class/eecs151-adv/fpga_labs_fa22/lab4/src/dac.v /home/cc/eecs151/fa22/class/eecs151-adv/fpga_labs_fa22/lab4/src/debouncer.v /home/cc/eecs151/fa22/class/eecs151-adv/fpga_labs_fa22/lab4/src/edge_detector.v /home/cc/eecs151/fa22/class/eecs151-adv/fpga_labs_fa22/lab4/src/fcw_ram.v /home/cc/eecs151/fa22/class/eecs151-adv/fpga_labs_fa22/lab4/src/fsm.v /home/cc/eecs151/fa22/class/eecs151-adv/fpga_labs_fa22/lab4/src/nco.v /home/cc/eecs151/fa22/class/eecs151-adv/fpga_labs_fa22/lab4/src/sq_wave_gen.v /home/cc/eecs151/fa22/class/eecs151-adv/fpga_labs_fa22/lab4/src/synchronizer.v /home/cc/eecs151/fa22/class/eecs151-adv/fpga_labs_fa22/lab4/src/z1top.v }
## set CONSTRAINTS { /home/cc/eecs151/fa22/class/eecs151-adv/fpga_labs_fa22/lab4/src/z1top.xdc }
# open_checkpoint ${ABS_TOP}/build/synth/${TOP}.dcp
Command: open_checkpoint /home/cc/eecs151/fa22/class/eecs151-adv/fpga_labs_fa22/lab4/build/synth/z1top.dcp

Starting open_checkpoint Task

Time (s): cpu = 00:00:00.08 ; elapsed = 00:00:00.04 . Memory (MB): peak = 2556.453 ; gain = 0.000 ; free physical = 10897 ; free virtual = 18074
INFO: [Device 21-403] Loading part xc7z020clg400-1
Netlist sorting complete. Time (s): cpu = 00:00:00 ; elapsed = 00:00:00 . Memory (MB): peak = 2562.758 ; gain = 0.000 ; free physical = 10594 ; free virtual = 17770
INFO: [Netlist 29-17] Analyzing 42 Unisim elements for replacement
INFO: [Netlist 29-28] Unisim Transformation completed in 0 CPU seconds
INFO: [Project 1-479] Netlist was created with Vivado 2021.1
INFO: [Project 1-570] Preparing netlist for logic optimization
INFO: [Timing 38-478] Restoring timing data from binary archive.
INFO: [Timing 38-479] Binary timing data restore complete.
INFO: [Project 1-856] Restoring constraints from binary archive.
INFO: [Project 1-853] Binary constraint restore complete.
Reading XDEF placement.
Reading placer database...
Reading XDEF routing.
Read XDEF File: Time (s): cpu = 00:00:00.08 ; elapsed = 00:00:00.09 . Memory (MB): peak = 2570.605 ; gain = 0.000 ; free physical = 10087 ; free virtual = 17292
Restored from archive | CPU: 0.090000 secs | Memory: 1.163177 MB |
Finished XDEF File Restore: Time (s): cpu = 00:00:00.08 ; elapsed = 00:00:00.09 . Memory (MB): peak = 2570.605 ; gain = 0.000 ; free physical = 10087 ; free virtual = 17292
Netlist sorting complete. Time (s): cpu = 00:00:00 ; elapsed = 00:00:00 . Memory (MB): peak = 2570.605 ; gain = 0.000 ; free physical = 10087 ; free virtual = 17292
INFO: [Project 1-111] Unisim Transformation Summary:
No Unisim elements were transformed.

INFO: [Project 1-604] Checkpoint was created with Vivado v2021.1 (64-bit) build 3247384
open_checkpoint: Time (s): cpu = 00:00:17 ; elapsed = 00:00:19 . Memory (MB): peak = 2570.605 ; gain = 14.156 ; free physical = 10087 ; free virtual = 17292
# if {[string trim ${CONSTRAINTS}] ne ""} {
#   read_xdc ${CONSTRAINTS}
# }
Parsing XDC File [/home/cc/eecs151/fa22/class/eecs151-adv/fpga_labs_fa22/lab4/src/z1top.xdc]
Finished Parsing XDC File [/home/cc/eecs151/fa22/class/eecs151-adv/fpga_labs_fa22/lab4/src/z1top.xdc]
# opt_design
Command: opt_design
Attempting to get a license for feature 'Implementation' and/or device 'xc7z020'
INFO: [Common 17-349] Got license for feature 'Implementation' and/or device 'xc7z020'
Running DRC as a precondition to command opt_design

Starting DRC Task
INFO: [DRC 23-27] Running DRC with 4 threads
INFO: [Project 1-461] DRC finished with 0 Errors
INFO: [Project 1-462] Please refer to the DRC report (report_drc) for more information.

Time (s): cpu = 00:00:02 ; elapsed = 00:00:01 . Memory (MB): peak = 2648.207 ; gain = 77.602 ; free physical = 10072 ; free virtual = 17274

Starting Cache Timing Information Task
INFO: [Timing 38-35] Done setting XDC timing constraints.
Ending Cache Timing Information Task | Checksum: 1acbfd87b

Time (s): cpu = 00:00:00.10 ; elapsed = 00:00:00.09 . Memory (MB): peak = 2719.020 ; gain = 70.812 ; free physical = 10071 ; free virtual = 17273

Starting Logic Optimization Task

Phase 1 Retarget
INFO: [Opt 31-138] Pushed 0 inverter(s) to 0 load pin(s).
INFO: [Opt 31-49] Retargeted 0 cell(s).
Phase 1 Retarget | Checksum: 1acbfd87b

Time (s): cpu = 00:00:00.07 ; elapsed = 00:00:00.07 . Memory (MB): peak = 2875.020 ; gain = 0.004 ; free physical = 9900 ; free virtual = 17101
INFO: [Opt 31-389] Phase Retarget created 0 cells and removed 0 cells

Phase 2 Constant propagation
INFO: [Opt 31-138] Pushed 0 inverter(s) to 0 load pin(s).
Phase 2 Constant propagation | Checksum: 17f269d50

Time (s): cpu = 00:00:00.08 ; elapsed = 00:00:00.08 . Memory (MB): peak = 2875.020 ; gain = 0.004 ; free physical = 9901 ; free virtual = 17102
INFO: [Opt 31-389] Phase Constant propagation created 0 cells and removed 0 cells

Phase 3 Sweep
Phase 3 Sweep | Checksum: 1bc20707e

Time (s): cpu = 00:00:00.09 ; elapsed = 00:00:00.09 . Memory (MB): peak = 2875.020 ; gain = 0.004 ; free physical = 9897 ; free virtual = 17104
INFO: [Opt 31-389] Phase Sweep created 0 cells and removed 0 cells

Phase 4 BUFG optimization
Phase 4 BUFG optimization | Checksum: 1bc20707e

Time (s): cpu = 00:00:00.11 ; elapsed = 00:00:00.11 . Memory (MB): peak = 2875.020 ; gain = 0.004 ; free physical = 9897 ; free virtual = 17104
INFO: [Opt 31-662] Phase BUFG optimization created 0 cells of which 0 are BUFGs and removed 0 cells.

Phase 5 Shift Register Optimization
INFO: [Opt 31-1064] SRL Remap converted 0 SRLs to 0 registers and converted 0 registers of register chains to 0 SRLs
Phase 5 Shift Register Optimization | Checksum: 1bc20707e

Time (s): cpu = 00:00:00.11 ; elapsed = 00:00:00.11 . Memory (MB): peak = 2875.020 ; gain = 0.004 ; free physical = 9897 ; free virtual = 17104
INFO: [Opt 31-389] Phase Shift Register Optimization created 0 cells and removed 0 cells

Phase 6 Post Processing Netlist
Phase 6 Post Processing Netlist | Checksum: 1bc20707e

Time (s): cpu = 00:00:00.11 ; elapsed = 00:00:00.11 . Memory (MB): peak = 2875.020 ; gain = 0.004 ; free physical = 9897 ; free virtual = 17104
INFO: [Opt 31-389] Phase Post Processing Netlist created 0 cells and removed 0 cells
Opt_design Change Summary
=========================


-------------------------------------------------------------------------------------------------------------------------
|  Phase                        |  #Cells created  |  #Cells Removed  |  #Constrained objects preventing optimizations  |
-------------------------------------------------------------------------------------------------------------------------
|  Retarget                     |               0  |               0  |                                              0  |
|  Constant propagation         |               0  |               0  |                                              0  |
|  Sweep                        |               0  |               0  |                                              0  |
|  BUFG optimization            |               0  |               0  |                                              0  |
|  Shift Register Optimization  |               0  |               0  |                                              0  |
|  Post Processing Netlist      |               0  |               0  |                                              0  |
-------------------------------------------------------------------------------------------------------------------------



Starting Connectivity Check Task

Time (s): cpu = 00:00:00.01 ; elapsed = 00:00:00 . Memory (MB): peak = 2875.020 ; gain = 0.000 ; free physical = 9897 ; free virtual = 17104
Ending Logic Optimization Task | Checksum: 261bf3e87

Time (s): cpu = 00:00:00.14 ; elapsed = 00:00:00.14 . Memory (MB): peak = 2875.020 ; gain = 0.004 ; free physical = 9897 ; free virtual = 17104

Starting Power Optimization Task
INFO: [Pwropt 34-132] Skipping clock gating for clocks with a period < 2.00 ns.
INFO: [Pwropt 34-9] Applying IDT optimizations ...
INFO: [Pwropt 34-10] Applying ODC optimizations ...
INFO: [Timing 38-35] Done setting XDC timing constraints.
Running Vector-less Activity Propagation...

Finished Running Vector-less Activity Propagation


Starting PowerOpt Patch Enables Task
INFO: [Pwropt 34-162] WRITE_MODE attribute of 0 BRAM(s) out of a total of 1 has been updated to save power. Run report_power_opt to get a complete listing of the BRAMs updated.
INFO: [Pwropt 34-201] Structural ODC has moved 0 WE to EN ports
Number of BRAM Ports augmented: 0 newly gated: 0 Total Ports: 2
Ending PowerOpt Patch Enables Task | Checksum: 261bf3e87

Time (s): cpu = 00:00:00.01 ; elapsed = 00:00:00 . Memory (MB): peak = 3060.898 ; gain = 0.000 ; free physical = 9888 ; free virtual = 17094
Ending Power Optimization Task | Checksum: 261bf3e87

Time (s): cpu = 00:00:00.58 ; elapsed = 00:00:00.44 . Memory (MB): peak = 3060.898 ; gain = 185.879 ; free physical = 9892 ; free virtual = 17099

Starting Final Cleanup Task
Ending Final Cleanup Task | Checksum: 261bf3e87

Time (s): cpu = 00:00:00 ; elapsed = 00:00:00 . Memory (MB): peak = 3060.898 ; gain = 0.000 ; free physical = 9892 ; free virtual = 17099

Starting Netlist Obfuscation Task
Netlist sorting complete. Time (s): cpu = 00:00:00 ; elapsed = 00:00:00 . Memory (MB): peak = 3060.898 ; gain = 0.000 ; free physical = 9892 ; free virtual = 17099
Ending Netlist Obfuscation Task | Checksum: 261bf3e87

Time (s): cpu = 00:00:00 ; elapsed = 00:00:00 . Memory (MB): peak = 3060.898 ; gain = 0.000 ; free physical = 9892 ; free virtual = 17099
INFO: [Common 17-83] Releasing license: Implementation
22 Infos, 0 Warnings, 0 Critical Warnings and 0 Errors encountered.
opt_design completed successfully
INFO: [Common 17-600] The following parameters have non-default value.
general.maxThreads
# place_design
Command: place_design
Attempting to get a license for feature 'Implementation' and/or device 'xc7z020'
INFO: [Common 17-349] Got license for feature 'Implementation' and/or device 'xc7z020'
INFO: [Timing 38-35] Done setting XDC timing constraints.
INFO: [DRC 23-27] Running DRC with 4 threads
INFO: [Vivado_Tcl 4-198] DRC finished with 0 Errors
INFO: [Vivado_Tcl 4-199] Please refer to the DRC report (report_drc) for more information.
Running DRC as a precondition to command place_design
INFO: [DRC 23-27] Running DRC with 4 threads
INFO: [Vivado_Tcl 4-198] DRC finished with 0 Errors
INFO: [Vivado_Tcl 4-199] Please refer to the DRC report (report_drc) for more information.

Starting Placer Task
INFO: [Place 30-611] Multithreading enabled for place_design using a maximum of 4 CPUs

Phase 1 Placer Initialization

Phase 1.1 Placer Initialization Netlist Sorting
Netlist sorting complete. Time (s): cpu = 00:00:00 ; elapsed = 00:00:00 . Memory (MB): peak = 3060.898 ; gain = 0.000 ; free physical = 9838 ; free virtual = 17046
Phase 1.1 Placer Initialization Netlist Sorting | Checksum: 1ab523de5

Time (s): cpu = 00:00:00.01 ; elapsed = 00:00:00.02 . Memory (MB): peak = 3060.898 ; gain = 0.000 ; free physical = 9838 ; free virtual = 17046
Netlist sorting complete. Time (s): cpu = 00:00:00 ; elapsed = 00:00:00 . Memory (MB): peak = 3060.898 ; gain = 0.000 ; free physical = 9838 ; free virtual = 17046

Phase 1.2 IO Placement/ Clock Placement/ Build Placer Device
Phase 1.2 IO Placement/ Clock Placement/ Build Placer Device | Checksum: f7668064

Time (s): cpu = 00:00:00.66 ; elapsed = 00:00:00.52 . Memory (MB): peak = 3060.898 ; gain = 0.000 ; free physical = 9870 ; free virtual = 17075

Phase 1.3 Build Placer Netlist Model
Phase 1.3 Build Placer Netlist Model | Checksum: 120c85a16

Time (s): cpu = 00:00:01 ; elapsed = 00:00:00.77 . Memory (MB): peak = 3060.898 ; gain = 0.000 ; free physical = 9889 ; free virtual = 17091

Phase 1.4 Constrain Clocks/Macros
Phase 1.4 Constrain Clocks/Macros | Checksum: 120c85a16

Time (s): cpu = 00:00:01 ; elapsed = 00:00:00.77 . Memory (MB): peak = 3060.898 ; gain = 0.000 ; free physical = 9889 ; free virtual = 17091
Phase 1 Placer Initialization | Checksum: 120c85a16

Time (s): cpu = 00:00:01 ; elapsed = 00:00:00.78 . Memory (MB): peak = 3060.898 ; gain = 0.000 ; free physical = 9889 ; free virtual = 17091

Phase 2 Global Placement

Phase 2.1 Floorplanning
Phase 2.1 Floorplanning | Checksum: 165d6bef2

Time (s): cpu = 00:00:01 ; elapsed = 00:00:00.85 . Memory (MB): peak = 3060.898 ; gain = 0.000 ; free physical = 9887 ; free virtual = 17089

Phase 2.2 Update Timing before SLR Path Opt
Phase 2.2 Update Timing before SLR Path Opt | Checksum: 1044461c0

Time (s): cpu = 00:00:01 ; elapsed = 00:00:00.91 . Memory (MB): peak = 3060.898 ; gain = 0.000 ; free physical = 9887 ; free virtual = 17089

Phase 2.3 Post-Processing in Floorplanning
Phase 2.3 Post-Processing in Floorplanning | Checksum: 1044461c0

Time (s): cpu = 00:00:01 ; elapsed = 00:00:00.91 . Memory (MB): peak = 3060.898 ; gain = 0.000 ; free physical = 9887 ; free virtual = 17089

Phase 2.4 Global Placement Core

Phase 2.4.1 Physical Synthesis In Placer
INFO: [Physopt 32-1035] Found 0 LUTNM shape to break, 22 LUT instances to create LUTNM shape
INFO: [Physopt 32-1044] Break lutnm for timing: one critical 0, two critical 0, total 0, new lutff created 0
INFO: [Physopt 32-1138] End 1 Pass. Optimized 10 nets or LUTs. Breaked 0 LUT, combined 10 existing LUTs and moved 0 existing LUT
INFO: [Physopt 32-65] No nets found for high-fanout optimization.
INFO: [Physopt 32-232] Optimized 0 net. Created 0 new instance.
INFO: [Physopt 32-775] End 1 Pass. Optimized 0 net or cell. Created 0 new cell, deleted 0 existing cell and moved 0 existing cell
INFO: [Physopt 32-670] No setup violation found.  DSP Register Optimization was not performed.
INFO: [Physopt 32-670] No setup violation found.  Shift Register to Pipeline Optimization was not performed.
INFO: [Physopt 32-670] No setup violation found.  Shift Register Optimization was not performed.
INFO: [Physopt 32-670] No setup violation found.  BRAM Register Optimization was not performed.
INFO: [Physopt 32-670] No setup violation found.  URAM Register Optimization was not performed.
INFO: [Physopt 32-949] No candidate nets found for dynamic/static region interface net replication
INFO: [Physopt 32-775] End 1 Pass. Optimized 0 net or cell. Created 0 new cell, deleted 0 existing cell and moved 0 existing cell
Netlist sorting complete. Time (s): cpu = 00:00:00 ; elapsed = 00:00:00 . Memory (MB): peak = 3060.898 ; gain = 0.000 ; free physical = 9878 ; free virtual = 17073

Summary of Physical Synthesis Optimizations
============================================


-----------------------------------------------------------------------------------------------------------------------------------------------------------
|  Optimization                                     |  Added Cells  |  Removed Cells  |  Optimized Cells/Nets  |  Dont Touch  |  Iterations  |  Elapsed   |
-----------------------------------------------------------------------------------------------------------------------------------------------------------
|  LUT Combining                                    |            0  |             10  |                    10  |           0  |           1  |  00:00:00  |
|  Retime                                           |            0  |              0  |                     0  |           0  |           1  |  00:00:00  |
|  Very High Fanout                                 |            0  |              0  |                     0  |           0  |           1  |  00:00:00  |
|  DSP Register                                     |            0  |              0  |                     0  |           0  |           0  |  00:00:00  |
|  Shift Register to Pipeline                       |            0  |              0  |                     0  |           0  |           0  |  00:00:00  |
|  Shift Register                                   |            0  |              0  |                     0  |           0  |           0  |  00:00:00  |
|  BRAM Register                                    |            0  |              0  |                     0  |           0  |           0  |  00:00:00  |
|  URAM Register                                    |            0  |              0  |                     0  |           0  |           0  |  00:00:00  |
|  Dynamic/Static Region Interface Net Replication  |            0  |              0  |                     0  |           0  |           1  |  00:00:00  |
|  Total                                            |            0  |             10  |                    10  |           0  |           4  |  00:00:00  |
-----------------------------------------------------------------------------------------------------------------------------------------------------------


Phase 2.4.1 Physical Synthesis In Placer | Checksum: 1566c4eab

Time (s): cpu = 00:00:03 ; elapsed = 00:00:02 . Memory (MB): peak = 3060.898 ; gain = 0.000 ; free physical = 9891 ; free virtual = 17083
Phase 2.4 Global Placement Core | Checksum: 154e89477

Time (s): cpu = 00:00:04 ; elapsed = 00:00:02 . Memory (MB): peak = 3060.898 ; gain = 0.000 ; free physical = 9891 ; free virtual = 17083
Phase 2 Global Placement | Checksum: 154e89477

Time (s): cpu = 00:00:04 ; elapsed = 00:00:02 . Memory (MB): peak = 3060.898 ; gain = 0.000 ; free physical = 9891 ; free virtual = 17083

Phase 3 Detail Placement

Phase 3.1 Commit Multi Column Macros
Phase 3.1 Commit Multi Column Macros | Checksum: c7e819d7

Time (s): cpu = 00:00:04 ; elapsed = 00:00:02 . Memory (MB): peak = 3060.898 ; gain = 0.000 ; free physical = 9892 ; free virtual = 17083

Phase 3.2 Commit Most Macros & LUTRAMs
Phase 3.2 Commit Most Macros & LUTRAMs | Checksum: cab31805

Time (s): cpu = 00:00:04 ; elapsed = 00:00:03 . Memory (MB): peak = 3060.898 ; gain = 0.000 ; free physical = 9882 ; free virtual = 17078

Phase 3.3 Area Swap Optimization
Phase 3.3 Area Swap Optimization | Checksum: 17096fc14

Time (s): cpu = 00:00:04 ; elapsed = 00:00:03 . Memory (MB): peak = 3060.898 ; gain = 0.000 ; free physical = 9880 ; free virtual = 17075

Phase 3.4 Pipeline Register Optimization
Phase 3.4 Pipeline Register Optimization | Checksum: 853f9967

Time (s): cpu = 00:00:04 ; elapsed = 00:00:03 . Memory (MB): peak = 3060.898 ; gain = 0.000 ; free physical = 9880 ; free virtual = 17075

Phase 3.5 Small Shape Detail Placement
Phase 3.5 Small Shape Detail Placement | Checksum: 182379990

Time (s): cpu = 00:00:04 ; elapsed = 00:00:03 . Memory (MB): peak = 3060.898 ; gain = 0.000 ; free physical = 9885 ; free virtual = 17080

Phase 3.6 Re-assign LUT pins
Phase 3.6 Re-assign LUT pins | Checksum: 1a5856972

Time (s): cpu = 00:00:04 ; elapsed = 00:00:03 . Memory (MB): peak = 3060.898 ; gain = 0.000 ; free physical = 9885 ; free virtual = 17080

Phase 3.7 Pipeline Register Optimization
Phase 3.7 Pipeline Register Optimization | Checksum: bacc4eff

Time (s): cpu = 00:00:04 ; elapsed = 00:00:03 . Memory (MB): peak = 3060.898 ; gain = 0.000 ; free physical = 9885 ; free virtual = 17080
Phase 3 Detail Placement | Checksum: bacc4eff

Time (s): cpu = 00:00:04 ; elapsed = 00:00:03 . Memory (MB): peak = 3060.898 ; gain = 0.000 ; free physical = 9885 ; free virtual = 17080

Phase 4 Post Placement Optimization and Clean-Up

Phase 4.1 Post Commit Optimization
INFO: [Timing 38-35] Done setting XDC timing constraints.

Phase 4.1.1 Post Placement Optimization
Post Placement Optimization Initialization | Checksum: 17f3401e9

Phase 4.1.1.1 BUFG Insertion

Starting Physical Synthesis Task

Phase 1 Physical Synthesis Initialization
INFO: [Physopt 32-721] Multithreading enabled for phys_opt_design using a maximum of 4 CPUs
INFO: [Physopt 32-619] Estimated Timing Summary | WNS=0.939 | TNS=0.000 |
Phase 1 Physical Synthesis Initialization | Checksum: 1cfde6c7e

Time (s): cpu = 00:00:00.06 ; elapsed = 00:00:00.03 . Memory (MB): peak = 3060.898 ; gain = 0.000 ; free physical = 9883 ; free virtual = 17080
INFO: [Place 46-56] BUFG insertion identified 0 candidate nets. Inserted BUFG: 0, Replicated BUFG Driver: 0, Skipped due to Placement/Routing Conflicts: 0, Skipped due to Timing Degradation: 0, Skipped due to Illegal Netlist: 0.
Ending Physical Synthesis Task | Checksum: 17b32ab79

Time (s): cpu = 00:00:00.06 ; elapsed = 00:00:00.03 . Memory (MB): peak = 3060.898 ; gain = 0.000 ; free physical = 9883 ; free virtual = 17080
Phase 4.1.1.1 BUFG Insertion | Checksum: 17f3401e9

Time (s): cpu = 00:00:05 ; elapsed = 00:00:03 . Memory (MB): peak = 3060.898 ; gain = 0.000 ; free physical = 9883 ; free virtual = 17080

Phase 4.1.1.2 Post Placement Timing Optimization
INFO: [Place 30-746] Post Placement Timing Summary WNS=0.939. For the most accurate timing information please run report_timing.
Phase 4.1.1.2 Post Placement Timing Optimization | Checksum: 187da3502

Time (s): cpu = 00:00:05 ; elapsed = 00:00:03 . Memory (MB): peak = 3060.898 ; gain = 0.000 ; free physical = 9883 ; free virtual = 17080

Time (s): cpu = 00:00:05 ; elapsed = 00:00:03 . Memory (MB): peak = 3060.898 ; gain = 0.000 ; free physical = 9883 ; free virtual = 17080
Phase 4.1 Post Commit Optimization | Checksum: 187da3502

Time (s): cpu = 00:00:05 ; elapsed = 00:00:03 . Memory (MB): peak = 3060.898 ; gain = 0.000 ; free physical = 9883 ; free virtual = 17080

Phase 4.2 Post Placement Cleanup
Phase 4.2 Post Placement Cleanup | Checksum: 187da3502

Time (s): cpu = 00:00:05 ; elapsed = 00:00:03 . Memory (MB): peak = 3060.898 ; gain = 0.000 ; free physical = 9884 ; free virtual = 17081

Phase 4.3 Placer Reporting

Phase 4.3.1 Print Estimated Congestion
INFO: [Place 30-612] Post-Placement Estimated Congestion 
 ____________________________________________________
|           | Global Congestion | Short Congestion  |
| Direction | Region Size       | Region Size       |
|___________|___________________|___________________|
|      North|                1x1|                1x1|
|___________|___________________|___________________|
|      South|                1x1|                1x1|
|___________|___________________|___________________|
|       East|                1x1|                1x1|
|___________|___________________|___________________|
|       West|                1x1|                1x1|
|___________|___________________|___________________|

Phase 4.3.1 Print Estimated Congestion | Checksum: 187da3502

Time (s): cpu = 00:00:05 ; elapsed = 00:00:03 . Memory (MB): peak = 3060.898 ; gain = 0.000 ; free physical = 9884 ; free virtual = 17081
Phase 4.3 Placer Reporting | Checksum: 187da3502

Time (s): cpu = 00:00:05 ; elapsed = 00:00:03 . Memory (MB): peak = 3060.898 ; gain = 0.000 ; free physical = 9884 ; free virtual = 17081

Phase 4.4 Final Placement Cleanup
Netlist sorting complete. Time (s): cpu = 00:00:00 ; elapsed = 00:00:00 . Memory (MB): peak = 3060.898 ; gain = 0.000 ; free physical = 9884 ; free virtual = 17081

Time (s): cpu = 00:00:05 ; elapsed = 00:00:03 . Memory (MB): peak = 3060.898 ; gain = 0.000 ; free physical = 9884 ; free virtual = 17081
Phase 4 Post Placement Optimization and Clean-Up | Checksum: 1d2de7b00

Time (s): cpu = 00:00:05 ; elapsed = 00:00:03 . Memory (MB): peak = 3060.898 ; gain = 0.000 ; free physical = 9884 ; free virtual = 17081
Ending Placer Task | Checksum: 10fc9f0d5

Time (s): cpu = 00:00:05 ; elapsed = 00:00:03 . Memory (MB): peak = 3060.898 ; gain = 0.000 ; free physical = 9884 ; free virtual = 17081
INFO: [Common 17-83] Releasing license: Implementation
29 Infos, 0 Warnings, 0 Critical Warnings and 0 Errors encountered.
place_design completed successfully
INFO: [Common 17-600] The following parameters have non-default value.
general.maxThreads
# write_checkpoint -force ${TOP}_placed.dcp
INFO: [Timing 38-480] Writing timing data to binary archive.
Writing placer database...
Writing XDEF routing.
Writing XDEF routing logical nets.
Writing XDEF routing special nets.
Write XDEF Complete: Time (s): cpu = 00:00:00.30 ; elapsed = 00:00:00.12 . Memory (MB): peak = 3060.898 ; gain = 0.000 ; free physical = 9899 ; free virtual = 17096
INFO: [Common 17-1381] The checkpoint '/home/cc/eecs151/fa22/class/eecs151-adv/fpga_labs_fa22/lab4/build/impl/z1top_placed.dcp' has been generated.
# report_utilization -file post_place_utilization.rpt
# phys_opt_design
Command: phys_opt_design
Attempting to get a license for feature 'Implementation' and/or device 'xc7z020'
INFO: [Common 17-349] Got license for feature 'Implementation' and/or device 'xc7z020'
INFO: [Vivado_Tcl 4-383] Design worst setup slack (WNS) is greater than or equal to 0.000 ns. Skipping all physical synthesis optimizations.
INFO: [Vivado_Tcl 4-232] No setup violation found. The netlist was not modified.
INFO: [Common 17-83] Releasing license: Implementation
4 Infos, 0 Warnings, 0 Critical Warnings and 0 Errors encountered.
phys_opt_design completed successfully
INFO: [Common 17-600] The following parameters have non-default value.
general.maxThreads
# route_design
Command: route_design
Attempting to get a license for feature 'Implementation' and/or device 'xc7z020'
INFO: [Common 17-349] Got license for feature 'Implementation' and/or device 'xc7z020'
Running DRC as a precondition to command route_design
INFO: [DRC 23-27] Running DRC with 4 threads
INFO: [Vivado_Tcl 4-198] DRC finished with 0 Errors
INFO: [Vivado_Tcl 4-199] Please refer to the DRC report (report_drc) for more information.


Starting Routing Task
INFO: [Route 35-254] Multithreading enabled for route_design using a maximum of 4 CPUs
Checksum: PlaceDB: 65c2960d ConstDB: 0 ShapeSum: aa075ac8 RouteDB: 0

Phase 1 Build RT Design
Phase 1 Build RT Design | Checksum: 1b28543ac

Time (s): cpu = 00:00:23 ; elapsed = 00:00:18 . Memory (MB): peak = 3072.582 ; gain = 11.684 ; free physical = 9730 ; free virtual = 16929
Post Restoration Checksum: NetGraph: c58867cb NumContArr: ecfcdbe1 Constraints: 0 Timing: 0

Phase 2 Router Initialization

Phase 2.1 Create Timer
Phase 2.1 Create Timer | Checksum: 1b28543ac

Time (s): cpu = 00:00:23 ; elapsed = 00:00:18 . Memory (MB): peak = 3072.582 ; gain = 11.684 ; free physical = 9730 ; free virtual = 16929

Phase 2.2 Fix Topology Constraints
Phase 2.2 Fix Topology Constraints | Checksum: 1b28543ac

Time (s): cpu = 00:00:23 ; elapsed = 00:00:18 . Memory (MB): peak = 3080.578 ; gain = 19.680 ; free physical = 9708 ; free virtual = 16914

Phase 2.3 Pre Route Cleanup
Phase 2.3 Pre Route Cleanup | Checksum: 1b28543ac

Time (s): cpu = 00:00:23 ; elapsed = 00:00:18 . Memory (MB): peak = 3080.578 ; gain = 19.680 ; free physical = 9708 ; free virtual = 16914
 Number of Nodes with overlaps = 0

Phase 2.4 Update Timing
Phase 2.4 Update Timing | Checksum: 13a66f3f1

Time (s): cpu = 00:00:23 ; elapsed = 00:00:19 . Memory (MB): peak = 3104.461 ; gain = 43.562 ; free physical = 9697 ; free virtual = 16903
INFO: [Route 35-416] Intermediate Timing Summary | WNS=1.047  | TNS=0.000  | WHS=-0.148 | THS=-4.172 |

Phase 2 Router Initialization | Checksum: 1b1e9f2ec

Time (s): cpu = 00:00:24 ; elapsed = 00:00:19 . Memory (MB): peak = 3104.461 ; gain = 43.562 ; free physical = 9697 ; free virtual = 16903

Router Utilization Summary
  Global Vertical Routing Utilization    = 0 %
  Global Horizontal Routing Utilization  = 0 %
  Routable Net Status*
  *Does not include unroutable nets such as driverless and loadless.
  Run report_route_status for detailed report.
  Number of Failed Nets               = 382
    (Failed Nets is the sum of unrouted and partially routed nets)
  Number of Unrouted Nets             = 382
  Number of Partially Routed Nets     = 0
  Number of Node Overlaps             = 0


Phase 3 Initial Routing

Phase 3.1 Global Routing
Phase 3.1 Global Routing | Checksum: 1b1e9f2ec

Time (s): cpu = 00:00:24 ; elapsed = 00:00:19 . Memory (MB): peak = 3104.461 ; gain = 43.562 ; free physical = 9694 ; free virtual = 16900
Phase 3 Initial Routing | Checksum: 2b8a1c19c

Time (s): cpu = 00:00:24 ; elapsed = 00:00:19 . Memory (MB): peak = 3104.461 ; gain = 43.562 ; free physical = 9697 ; free virtual = 16903

Phase 4 Rip-up And Reroute

Phase 4.1 Global Iteration 0
 Number of Nodes with overlaps = 31
 Number of Nodes with overlaps = 7
 Number of Nodes with overlaps = 2
 Number of Nodes with overlaps = 1
 Number of Nodes with overlaps = 0
INFO: [Route 35-416] Intermediate Timing Summary | WNS=0.965  | TNS=0.000  | WHS=N/A    | THS=N/A    |

Phase 4.1 Global Iteration 0 | Checksum: 1971b61f3

Time (s): cpu = 00:00:25 ; elapsed = 00:00:20 . Memory (MB): peak = 3104.461 ; gain = 43.562 ; free physical = 9694 ; free virtual = 16896

Phase 4.2 Global Iteration 1
 Number of Nodes with overlaps = 3
 Number of Nodes with overlaps = 1
 Number of Nodes with overlaps = 0
INFO: [Route 35-416] Intermediate Timing Summary | WNS=0.989  | TNS=0.000  | WHS=N/A    | THS=N/A    |

Phase 4.2 Global Iteration 1 | Checksum: 110218ace

Time (s): cpu = 00:00:25 ; elapsed = 00:00:20 . Memory (MB): peak = 3104.461 ; gain = 43.562 ; free physical = 9697 ; free virtual = 16899
Phase 4 Rip-up And Reroute | Checksum: 110218ace

Time (s): cpu = 00:00:25 ; elapsed = 00:00:20 . Memory (MB): peak = 3104.461 ; gain = 43.562 ; free physical = 9697 ; free virtual = 16899

Phase 5 Delay and Skew Optimization

Phase 5.1 Delay CleanUp

Phase 5.1.1 Update Timing
Phase 5.1.1 Update Timing | Checksum: 1a324c084

Time (s): cpu = 00:00:25 ; elapsed = 00:00:20 . Memory (MB): peak = 3104.461 ; gain = 43.562 ; free physical = 9698 ; free virtual = 16899
INFO: [Route 35-416] Intermediate Timing Summary | WNS=1.003  | TNS=0.000  | WHS=N/A    | THS=N/A    |

Phase 5.1 Delay CleanUp | Checksum: 1a324c084

Time (s): cpu = 00:00:25 ; elapsed = 00:00:20 . Memory (MB): peak = 3104.461 ; gain = 43.562 ; free physical = 9698 ; free virtual = 16899

Phase 5.2 Clock Skew Optimization
Phase 5.2 Clock Skew Optimization | Checksum: 1a324c084

Time (s): cpu = 00:00:25 ; elapsed = 00:00:20 . Memory (MB): peak = 3104.461 ; gain = 43.562 ; free physical = 9698 ; free virtual = 16899
Phase 5 Delay and Skew Optimization | Checksum: 1a324c084

Time (s): cpu = 00:00:25 ; elapsed = 00:00:20 . Memory (MB): peak = 3104.461 ; gain = 43.562 ; free physical = 9698 ; free virtual = 16899

Phase 6 Post Hold Fix

Phase 6.1 Hold Fix Iter

Phase 6.1.1 Update Timing
Phase 6.1.1 Update Timing | Checksum: 153371301

Time (s): cpu = 00:00:25 ; elapsed = 00:00:20 . Memory (MB): peak = 3104.461 ; gain = 43.562 ; free physical = 9698 ; free virtual = 16899
INFO: [Route 35-416] Intermediate Timing Summary | WNS=1.003  | TNS=0.000  | WHS=0.104  | THS=0.000  |

Phase 6.1 Hold Fix Iter | Checksum: 1377d9d22

Time (s): cpu = 00:00:25 ; elapsed = 00:00:20 . Memory (MB): peak = 3104.461 ; gain = 43.562 ; free physical = 9698 ; free virtual = 16899
Phase 6 Post Hold Fix | Checksum: 1377d9d22

Time (s): cpu = 00:00:25 ; elapsed = 00:00:20 . Memory (MB): peak = 3104.461 ; gain = 43.562 ; free physical = 9698 ; free virtual = 16899

Phase 7 Route finalize

Router Utilization Summary
  Global Vertical Routing Utilization    = 0.0523972 %
  Global Horizontal Routing Utilization  = 0.0499493 %
  Routable Net Status*
  *Does not include unroutable nets such as driverless and loadless.
  Run report_route_status for detailed report.
  Number of Failed Nets               = 0
    (Failed Nets is the sum of unrouted and partially routed nets)
  Number of Unrouted Nets             = 0
  Number of Partially Routed Nets     = 0
  Number of Node Overlaps             = 0

Phase 7 Route finalize | Checksum: cc132fb8

Time (s): cpu = 00:00:25 ; elapsed = 00:00:20 . Memory (MB): peak = 3104.461 ; gain = 43.562 ; free physical = 9697 ; free virtual = 16899

Phase 8 Verifying routed nets

 Verification completed successfully
Phase 8 Verifying routed nets | Checksum: cc132fb8

Time (s): cpu = 00:00:25 ; elapsed = 00:00:20 . Memory (MB): peak = 3104.461 ; gain = 43.562 ; free physical = 9697 ; free virtual = 16898

Phase 9 Depositing Routes
Phase 9 Depositing Routes | Checksum: 1670eed23

Time (s): cpu = 00:00:25 ; elapsed = 00:00:20 . Memory (MB): peak = 3104.461 ; gain = 43.562 ; free physical = 9696 ; free virtual = 16897

Phase 10 Post Router Timing
INFO: [Route 35-57] Estimated Timing Summary | WNS=1.003  | TNS=0.000  | WHS=0.104  | THS=0.000  |

INFO: [Route 35-327] The final timing numbers are based on the router estimated timing analysis. For a complete and accurate timing signoff, please run report_timing_summary.
Phase 10 Post Router Timing | Checksum: 1670eed23

Time (s): cpu = 00:00:25 ; elapsed = 00:00:20 . Memory (MB): peak = 3104.461 ; gain = 43.562 ; free physical = 9697 ; free virtual = 16899
INFO: [Route 35-16] Router Completed Successfully

Time (s): cpu = 00:00:25 ; elapsed = 00:00:20 . Memory (MB): peak = 3104.461 ; gain = 43.562 ; free physical = 9717 ; free virtual = 16918

Routing Is Done.
INFO: [Common 17-83] Releasing license: Implementation
14 Infos, 0 Warnings, 0 Critical Warnings and 0 Errors encountered.
route_design completed successfully
route_design: Time (s): cpu = 00:00:28 ; elapsed = 00:00:21 . Memory (MB): peak = 3104.461 ; gain = 43.562 ; free physical = 9717 ; free virtual = 16919
INFO: [Common 17-600] The following parameters have non-default value.
general.maxThreads
# write_checkpoint -force ${TOP}_routed.dcp
INFO: [Timing 38-480] Writing timing data to binary archive.
Writing placer database...
Writing XDEF routing.
Writing XDEF routing logical nets.
Writing XDEF routing special nets.
Write XDEF Complete: Time (s): cpu = 00:00:00.27 ; elapsed = 00:00:00.14 . Memory (MB): peak = 3115.434 ; gain = 2.973 ; free physical = 9710 ; free virtual = 16918
INFO: [Common 17-1381] The checkpoint '/home/cc/eecs151/fa22/class/eecs151-adv/fpga_labs_fa22/lab4/build/impl/z1top_routed.dcp' has been generated.
# write_verilog -force post_route.v
# write_xdc -force post_route.xdc
# report_drc -file post_route_drc.rpt
Command: report_drc -file post_route_drc.rpt
INFO: [IP_Flow 19-234] Refreshing IP repositories
INFO: [IP_Flow 19-1704] No user IP repositories specified
INFO: [IP_Flow 19-2313] Loaded Vivado IP repository '/share/instsww/xilinx/Vivado/2021.1/data/ip'.
INFO: [DRC 23-27] Running DRC with 4 threads
INFO: [Vivado_Tcl 2-168] The results of DRC are in file /home/cc/eecs151/fa22/class/eecs151-adv/fpga_labs_fa22/lab4/build/impl/post_route_drc.rpt.
report_drc completed successfully
# report_timing_summary -warn_on_violation -file post_route_timing_summary.rpt
INFO: [Timing 38-91] UpdateTimingParams: Speed grade: -1, Delay Type: min_max.
INFO: [Timing 38-191] Multithreading enabled for timing update using a maximum of 4 CPUs
# write_bitstream -force ${TOP}.bit
Command: write_bitstream -force z1top.bit
Attempting to get a license for feature 'Implementation' and/or device 'xc7z020'
INFO: [Common 17-349] Got license for feature 'Implementation' and/or device 'xc7z020'
Running DRC as a precondition to command write_bitstream
INFO: [IP_Flow 19-1839] IP Catalog is up to date.
INFO: [DRC 23-27] Running DRC with 4 threads
WARNING: [DRC ZPS7-1] PS7 block required: The PS7 cell must be used in this Zynq design in order to enable correct default configuration.
INFO: [Vivado 12-3199] DRC finished with 0 Errors, 1 Warnings
INFO: [Vivado 12-3200] Please refer to the DRC report (report_drc) for more information.
INFO: [Designutils 20-2272] Running write_bitstream with 4 threads.
Loading data files...
Loading site data...
Loading route data...
Processing options...
Creating bitmap...
Creating bitstream...
Writing bitstream ./z1top.bit...
INFO: [Vivado 12-1842] Bitgen Completed Successfully.
INFO: [#UNDEF] WebTalk data collection is mandatory when using a WebPACK part without a full Vivado license. To see the specific WebTalk data collected for your design, open the usage_statistics_webtalk.html or usage_statistics_webtalk.xml file in the implementation directory.
INFO: [Common 17-186] '/home/cc/eecs151/fa22/class/eecs151-adv/fpga_labs_fa22/lab4/build/impl/usage_statistics_webtalk.xml' has been successfully sent to Xilinx on Tue Oct  4 12:07:37 2022. For additional details about this file, please refer to the WebTalk help file at /share/instsww/xilinx/Vivado/2021.1/doc/webtalk_introduction.html.
INFO: [Common 17-83] Releasing license: Implementation
10 Infos, 1 Warnings, 0 Critical Warnings and 0 Errors encountered.
write_bitstream completed successfully
write_bitstream: Time (s): cpu = 00:00:13 ; elapsed = 00:00:22 . Memory (MB): peak = 3475.895 ; gain = 335.746 ; free physical = 9747 ; free virtual = 16926
INFO: [Common 17-206] Exiting Vivado at Tue Oct  4 12:07:37 2022...
