# Preference setting overrides
gui_create_pref_key -category {Globals} -key {load_detail_for_funcov} -value_type {bool} -value {false}

# State setting overrides
gui_state_default_create -off -ini
gui_set_state_value -category Globals -key recent_databases -value {{gui_open_db -file sim/counter_testbench.vpd} {gui_open_db -file sim/adder_testbench.vpd}}
gui_set_state_value -category Layout -key child_console_size_x -value 797
gui_set_state_value -category Layout -key child_console_size_y -value 178
gui_set_state_value -category Layout -key child_data_size_x -value 173
gui_set_state_value -category Layout -key child_data_size_y -value 229
gui_set_state_value -category Layout -key child_hier_col3 -value {-1}
gui_set_state_value -category Layout -key child_hier_colpd -value 0
gui_set_state_value -category Layout -key child_hier_size_x -value 173
gui_set_state_value -category Layout -key child_hier_size_y -value 229
gui_set_state_value -category Layout -key child_source_docknewline -value false
gui_set_state_value -category Layout -key child_source_pos_x -value {-2}
gui_set_state_value -category Layout -key child_source_pos_y -value {-15}
gui_set_state_value -category Layout -key child_source_size_x -value 454
gui_set_state_value -category Layout -key child_source_size_y -value 224
gui_set_state_value -category Layout -key child_wave_colname -value 105
gui_set_state_value -category Layout -key child_wave_colvalue -value 104
gui_set_state_value -category Layout -key child_wave_left -value 213
gui_set_state_value -category Layout -key child_wave_right -value 521
gui_set_state_value -category Layout -key main_pos_x -value 1
gui_set_state_value -category Layout -key main_pos_y -value 49
gui_set_state_value -category Layout -key main_size_x -value 798
gui_set_state_value -category Layout -key main_size_y -value 574
gui_set_state_value -category Layout -key stand_wave_child_docknewline -value false
gui_set_state_value -category Layout -key stand_wave_child_pos_x -value {-2}
gui_set_state_value -category Layout -key stand_wave_child_pos_y -value {-15}
gui_set_state_value -category Layout -key stand_wave_child_size_x -value 744
gui_set_state_value -category Layout -key stand_wave_child_size_y -value 376
gui_set_state_value -category Layout -key stand_wave_top_pos_x -value 278
gui_set_state_value -category Layout -key stand_wave_top_pos_y -value 224
gui_set_state_value -category Layout -key stand_wave_top_size_x -value 1017
gui_set_state_value -category Layout -key stand_wave_top_size_y -value 723
gui_create_state_key -category FindDialog -key m_pMatchCase -value_type bool -value false
gui_create_state_key -category FindDialog -key m_pMatchWord -value_type bool -value false
gui_create_state_key -category FindDialog -key m_pUseCombo -value_type string -value {}
gui_create_state_key -category FindDialog -key m_pWrapAround -value_type bool -value true
gui_state_default_create -off

# Begin command logging
gui_open_db -file sim/counter_testbench.vpd
gui_list_select -id Data.1 -selected  { counter_testbench.clock   }
gui_list_select -id Data.1 -selected  { counter_testbench.clock  counter_testbench.ce   }
gui_list_select -id Data.1 -selected  { counter_testbench.clock  counter_testbench.ce  {counter_testbench.LEDS[3:0]}   }
gui_open_window Wave
gui_list_add -id Wave.1 -from Data.1 { counter_testbench.clock counter_testbench.ce {counter_testbench.LEDS[3:0]} } -insertionbar
gui_wv_zoom_timerange -id  Wave.1 0 294
gui_zoom -window Wave.1 -full
gui_update_design -all
gui_save_session -reload -default_file
gui_set_pref_value -category {Globals} -key {use_mhpi_lookup} -value {false}
gui_set_pref_value -category {Globals} -key {use_mhpi_lookup} -value {true}
gui_zoom -window Wave.1 -full
gui_close_window -window TopLevel.2
