
****** Vivado v2021.1 (64-bit)
  **** SW Build 3247384 on Thu Jun 10 19:36:07 MDT 2021
  **** IP Build 3246043 on Fri Jun 11 00:30:35 MDT 2021
    ** Copyright 1986-2021 Xilinx, Inc. All Rights Reserved.

source /home/cc/eecs151/fa22/class/eecs151-adv/fpga_labs_fa22/lab3/../scripts/impl.tcl
# source ../target.tcl
## set ABS_TOP                         /home/cc/eecs151/fa22/class/eecs151-adv/fpga_labs_fa22/lab3
## set TOP                            z1top
## set FPGA_PART                      xc7z020clg400-1
## set_param general.maxThreads       4
## set_param general.maxBackupLogs    0
## set RTL { /home/cc/eecs151/fa22/class/eecs151-adv/fpga_labs_fa22/lab3/src/button_parser.v /home/cc/eecs151/fa22/class/eecs151-adv/fpga_labs_fa22/lab3/src/counter.v /home/cc/eecs151/fa22/class/eecs151-adv/fpga_labs_fa22/lab3/src/dac.v /home/cc/eecs151/fa22/class/eecs151-adv/fpga_labs_fa22/lab3/src/debouncer.v /home/cc/eecs151/fa22/class/eecs151-adv/fpga_labs_fa22/lab3/src/edge_detector.v /home/cc/eecs151/fa22/class/eecs151-adv/fpga_labs_fa22/lab3/src/sq_wave_gen.v /home/cc/eecs151/fa22/class/eecs151-adv/fpga_labs_fa22/lab3/src/synchronizer.v /home/cc/eecs151/fa22/class/eecs151-adv/fpga_labs_fa22/lab3/src/z1top.v }
## set CONSTRAINTS { /home/cc/eecs151/fa22/class/eecs151-adv/fpga_labs_fa22/lab3/src/z1top.xdc }
# open_checkpoint ${ABS_TOP}/build/synth/${TOP}.dcp
Command: open_checkpoint /home/cc/eecs151/fa22/class/eecs151-adv/fpga_labs_fa22/lab3/build/synth/z1top.dcp

Starting open_checkpoint Task

Time (s): cpu = 00:00:00.08 ; elapsed = 00:00:00.05 . Memory (MB): peak = 2560.422 ; gain = 0.000 ; free physical = 11924 ; free virtual = 18751
INFO: [Device 21-403] Loading part xc7z020clg400-1
Netlist sorting complete. Time (s): cpu = 00:00:00 ; elapsed = 00:00:00.01 . Memory (MB): peak = 2566.727 ; gain = 0.000 ; free physical = 11638 ; free virtual = 18463
INFO: [Netlist 29-17] Analyzing 13 Unisim elements for replacement
INFO: [Netlist 29-28] Unisim Transformation completed in 0 CPU seconds
INFO: [Project 1-479] Netlist was created with Vivado 2021.1
INFO: [Project 1-570] Preparing netlist for logic optimization
INFO: [Timing 38-478] Restoring timing data from binary archive.
INFO: [Timing 38-479] Binary timing data restore complete.
INFO: [Project 1-856] Restoring constraints from binary archive.
INFO: [Project 1-853] Binary constraint restore complete.
Reading XDEF placement.
Reading placer database...
Reading XDEF routing.
Read XDEF File: Time (s): cpu = 00:00:00.07 ; elapsed = 00:00:00.08 . Memory (MB): peak = 2570.574 ; gain = 0.000 ; free physical = 11149 ; free virtual = 17977
Restored from archive | CPU: 0.080000 secs | Memory: 1.163055 MB |
Finished XDEF File Restore: Time (s): cpu = 00:00:00.07 ; elapsed = 00:00:00.08 . Memory (MB): peak = 2570.574 ; gain = 0.000 ; free physical = 11149 ; free virtual = 17977
Netlist sorting complete. Time (s): cpu = 00:00:00 ; elapsed = 00:00:00 . Memory (MB): peak = 2570.574 ; gain = 0.000 ; free physical = 11149 ; free virtual = 17977
INFO: [Project 1-111] Unisim Transformation Summary:
No Unisim elements were transformed.

INFO: [Project 1-604] Checkpoint was created with Vivado v2021.1 (64-bit) build 3247384
open_checkpoint: Time (s): cpu = 00:00:15 ; elapsed = 00:00:17 . Memory (MB): peak = 2570.574 ; gain = 14.125 ; free physical = 11149 ; free virtual = 17976
# if {[string trim ${CONSTRAINTS}] ne ""} {
#   read_xdc ${CONSTRAINTS}
# }
Parsing XDC File [/home/cc/eecs151/fa22/class/eecs151-adv/fpga_labs_fa22/lab3/src/z1top.xdc]
Finished Parsing XDC File [/home/cc/eecs151/fa22/class/eecs151-adv/fpga_labs_fa22/lab3/src/z1top.xdc]
# opt_design
Command: opt_design
Attempting to get a license for feature 'Implementation' and/or device 'xc7z020'
INFO: [Common 17-349] Got license for feature 'Implementation' and/or device 'xc7z020'
Running DRC as a precondition to command opt_design

Starting DRC Task
INFO: [DRC 23-27] Running DRC with 4 threads
INFO: [Project 1-461] DRC finished with 0 Errors
INFO: [Project 1-462] Please refer to the DRC report (report_drc) for more information.

Time (s): cpu = 00:00:02 ; elapsed = 00:00:00.94 . Memory (MB): peak = 2646.207 ; gain = 75.633 ; free physical = 11140 ; free virtual = 17967

Starting Cache Timing Information Task
INFO: [Timing 38-35] Done setting XDC timing constraints.
Ending Cache Timing Information Task | Checksum: 1ccc89069

Time (s): cpu = 00:00:00.05 ; elapsed = 00:00:00.04 . Memory (MB): peak = 2718.020 ; gain = 71.812 ; free physical = 11140 ; free virtual = 17968

Starting Logic Optimization Task

Phase 1 Retarget
INFO: [Opt 31-138] Pushed 0 inverter(s) to 0 load pin(s).
INFO: [Opt 31-49] Retargeted 0 cell(s).
Phase 1 Retarget | Checksum: 1ccc89069

Time (s): cpu = 00:00:00.04 ; elapsed = 00:00:00.04 . Memory (MB): peak = 2874.020 ; gain = 0.004 ; free physical = 10967 ; free virtual = 17795
INFO: [Opt 31-389] Phase Retarget created 0 cells and removed 0 cells

Phase 2 Constant propagation
INFO: [Opt 31-138] Pushed 0 inverter(s) to 0 load pin(s).
Phase 2 Constant propagation | Checksum: 1ccc89069

Time (s): cpu = 00:00:00.04 ; elapsed = 00:00:00.05 . Memory (MB): peak = 2874.020 ; gain = 0.004 ; free physical = 10967 ; free virtual = 17795
INFO: [Opt 31-389] Phase Constant propagation created 0 cells and removed 0 cells

Phase 3 Sweep
Phase 3 Sweep | Checksum: 227e9f7a8

Time (s): cpu = 00:00:00.05 ; elapsed = 00:00:00.05 . Memory (MB): peak = 2874.020 ; gain = 0.004 ; free physical = 10967 ; free virtual = 17795
INFO: [Opt 31-389] Phase Sweep created 0 cells and removed 0 cells

Phase 4 BUFG optimization
Phase 4 BUFG optimization | Checksum: 227e9f7a8

Time (s): cpu = 00:00:00.05 ; elapsed = 00:00:00.06 . Memory (MB): peak = 2874.020 ; gain = 0.004 ; free physical = 10967 ; free virtual = 17795
INFO: [Opt 31-662] Phase BUFG optimization created 0 cells of which 0 are BUFGs and removed 0 cells.

Phase 5 Shift Register Optimization
INFO: [Opt 31-1064] SRL Remap converted 0 SRLs to 0 registers and converted 0 registers of register chains to 0 SRLs
Phase 5 Shift Register Optimization | Checksum: 227e9f7a8

Time (s): cpu = 00:00:00.05 ; elapsed = 00:00:00.06 . Memory (MB): peak = 2874.020 ; gain = 0.004 ; free physical = 10967 ; free virtual = 17795
INFO: [Opt 31-389] Phase Shift Register Optimization created 0 cells and removed 0 cells

Phase 6 Post Processing Netlist
Phase 6 Post Processing Netlist | Checksum: 227e9f7a8

Time (s): cpu = 00:00:00.06 ; elapsed = 00:00:00.06 . Memory (MB): peak = 2874.020 ; gain = 0.004 ; free physical = 10967 ; free virtual = 17795
INFO: [Opt 31-389] Phase Post Processing Netlist created 0 cells and removed 0 cells
Opt_design Change Summary
=========================


-------------------------------------------------------------------------------------------------------------------------
|  Phase                        |  #Cells created  |  #Cells Removed  |  #Constrained objects preventing optimizations  |
-------------------------------------------------------------------------------------------------------------------------
|  Retarget                     |               0  |               0  |                                              0  |
|  Constant propagation         |               0  |               0  |                                              0  |
|  Sweep                        |               0  |               0  |                                              0  |
|  BUFG optimization            |               0  |               0  |                                              0  |
|  Shift Register Optimization  |               0  |               0  |                                              0  |
|  Post Processing Netlist      |               0  |               0  |                                              0  |
-------------------------------------------------------------------------------------------------------------------------



Starting Connectivity Check Task

Time (s): cpu = 00:00:00.01 ; elapsed = 00:00:00 . Memory (MB): peak = 2874.020 ; gain = 0.000 ; free physical = 10967 ; free virtual = 17795
Ending Logic Optimization Task | Checksum: 2b40dd33c

Time (s): cpu = 00:00:00.07 ; elapsed = 00:00:00.07 . Memory (MB): peak = 2874.020 ; gain = 0.004 ; free physical = 10967 ; free virtual = 17795

Starting Power Optimization Task
INFO: [Pwropt 34-132] Skipping clock gating for clocks with a period < 2.00 ns.
Ending Power Optimization Task | Checksum: 2b40dd33c

Time (s): cpu = 00:00:00.01 ; elapsed = 00:00:00.01 . Memory (MB): peak = 2874.020 ; gain = 0.000 ; free physical = 10967 ; free virtual = 17795

Starting Final Cleanup Task
Ending Final Cleanup Task | Checksum: 2b40dd33c

Time (s): cpu = 00:00:00 ; elapsed = 00:00:00 . Memory (MB): peak = 2874.020 ; gain = 0.000 ; free physical = 10967 ; free virtual = 17795

Starting Netlist Obfuscation Task
Netlist sorting complete. Time (s): cpu = 00:00:00 ; elapsed = 00:00:00 . Memory (MB): peak = 2874.020 ; gain = 0.000 ; free physical = 10967 ; free virtual = 17795
Ending Netlist Obfuscation Task | Checksum: 2b40dd33c

Time (s): cpu = 00:00:00 ; elapsed = 00:00:00 . Memory (MB): peak = 2874.020 ; gain = 0.000 ; free physical = 10967 ; free virtual = 17795
INFO: [Common 17-83] Releasing license: Implementation
17 Infos, 0 Warnings, 0 Critical Warnings and 0 Errors encountered.
opt_design completed successfully
INFO: [Common 17-600] The following parameters have non-default value.
general.maxThreads
# place_design
Command: place_design
Attempting to get a license for feature 'Implementation' and/or device 'xc7z020'
INFO: [Common 17-349] Got license for feature 'Implementation' and/or device 'xc7z020'
INFO: [Timing 38-35] Done setting XDC timing constraints.
INFO: [DRC 23-27] Running DRC with 4 threads
INFO: [Vivado_Tcl 4-198] DRC finished with 0 Errors
INFO: [Vivado_Tcl 4-199] Please refer to the DRC report (report_drc) for more information.
Running DRC as a precondition to command place_design
INFO: [DRC 23-27] Running DRC with 4 threads
INFO: [Vivado_Tcl 4-198] DRC finished with 0 Errors
INFO: [Vivado_Tcl 4-199] Please refer to the DRC report (report_drc) for more information.

Starting Placer Task
INFO: [Place 30-611] Multithreading enabled for place_design using a maximum of 4 CPUs

Phase 1 Placer Initialization

Phase 1.1 Placer Initialization Netlist Sorting
Netlist sorting complete. Time (s): cpu = 00:00:00 ; elapsed = 00:00:00 . Memory (MB): peak = 2972.473 ; gain = 0.000 ; free physical = 10911 ; free virtual = 17739
Phase 1.1 Placer Initialization Netlist Sorting | Checksum: 1d13c05f5

Time (s): cpu = 00:00:00 ; elapsed = 00:00:00.01 . Memory (MB): peak = 2972.473 ; gain = 0.000 ; free physical = 10911 ; free virtual = 17739
Netlist sorting complete. Time (s): cpu = 00:00:00 ; elapsed = 00:00:00 . Memory (MB): peak = 2972.473 ; gain = 0.000 ; free physical = 10911 ; free virtual = 17739

Phase 1.2 IO Placement/ Clock Placement/ Build Placer Device
Phase 1.2 IO Placement/ Clock Placement/ Build Placer Device | Checksum: b18db9c7

Time (s): cpu = 00:00:00.51 ; elapsed = 00:00:00.38 . Memory (MB): peak = 2972.473 ; gain = 0.000 ; free physical = 10942 ; free virtual = 17770

Phase 1.3 Build Placer Netlist Model
Phase 1.3 Build Placer Netlist Model | Checksum: 141a47296

Time (s): cpu = 00:00:00.65 ; elapsed = 00:00:00.48 . Memory (MB): peak = 2996.484 ; gain = 24.012 ; free physical = 10956 ; free virtual = 17784

Phase 1.4 Constrain Clocks/Macros
Phase 1.4 Constrain Clocks/Macros | Checksum: 141a47296

Time (s): cpu = 00:00:00.65 ; elapsed = 00:00:00.49 . Memory (MB): peak = 2996.484 ; gain = 24.012 ; free physical = 10956 ; free virtual = 17784
Phase 1 Placer Initialization | Checksum: 141a47296

Time (s): cpu = 00:00:00.66 ; elapsed = 00:00:00.49 . Memory (MB): peak = 2996.484 ; gain = 24.012 ; free physical = 10956 ; free virtual = 17784

Phase 2 Global Placement

Phase 2.1 Floorplanning
Phase 2.1 Floorplanning | Checksum: df461283

Time (s): cpu = 00:00:00.72 ; elapsed = 00:00:00.53 . Memory (MB): peak = 2996.484 ; gain = 24.012 ; free physical = 10955 ; free virtual = 17783

Phase 2.2 Update Timing before SLR Path Opt
Phase 2.2 Update Timing before SLR Path Opt | Checksum: 1942b98da

Time (s): cpu = 00:00:00.75 ; elapsed = 00:00:00.55 . Memory (MB): peak = 2996.484 ; gain = 24.012 ; free physical = 10954 ; free virtual = 17783

Phase 2.3 Post-Processing in Floorplanning
Phase 2.3 Post-Processing in Floorplanning | Checksum: 1942b98da

Time (s): cpu = 00:00:00.75 ; elapsed = 00:00:00.55 . Memory (MB): peak = 2996.484 ; gain = 24.012 ; free physical = 10954 ; free virtual = 17783

Phase 2.4 Global Placement Core

Phase 2.4.1 Physical Synthesis In Placer
INFO: [Physopt 32-1044] Break lutnm for timing: one critical 0, two critical 0, total 0, new lutff created 0
INFO: [Physopt 32-1138] End 1 Pass. Optimized 0 net or LUT. Breaked 0 LUT, combined 0 existing LUT and moved 0 existing LUT
INFO: [Physopt 32-65] No nets found for high-fanout optimization.
INFO: [Physopt 32-232] Optimized 0 net. Created 0 new instance.
INFO: [Physopt 32-775] End 1 Pass. Optimized 0 net or cell. Created 0 new cell, deleted 0 existing cell and moved 0 existing cell
INFO: [Physopt 32-670] No setup violation found.  DSP Register Optimization was not performed.
INFO: [Physopt 32-670] No setup violation found.  Shift Register to Pipeline Optimization was not performed.
INFO: [Physopt 32-670] No setup violation found.  Shift Register Optimization was not performed.
INFO: [Physopt 32-670] No setup violation found.  BRAM Register Optimization was not performed.
INFO: [Physopt 32-670] No setup violation found.  URAM Register Optimization was not performed.
INFO: [Physopt 32-949] No candidate nets found for dynamic/static region interface net replication
INFO: [Physopt 32-775] End 1 Pass. Optimized 0 net or cell. Created 0 new cell, deleted 0 existing cell and moved 0 existing cell
Netlist sorting complete. Time (s): cpu = 00:00:00 ; elapsed = 00:00:00 . Memory (MB): peak = 3004.484 ; gain = 0.000 ; free physical = 10936 ; free virtual = 17764

Summary of Physical Synthesis Optimizations
============================================


-----------------------------------------------------------------------------------------------------------------------------------------------------------
|  Optimization                                     |  Added Cells  |  Removed Cells  |  Optimized Cells/Nets  |  Dont Touch  |  Iterations  |  Elapsed   |
-----------------------------------------------------------------------------------------------------------------------------------------------------------
|  LUT Combining                                    |            0  |              0  |                     0  |           0  |           1  |  00:00:00  |
|  Retime                                           |            0  |              0  |                     0  |           0  |           1  |  00:00:00  |
|  Very High Fanout                                 |            0  |              0  |                     0  |           0  |           1  |  00:00:00  |
|  DSP Register                                     |            0  |              0  |                     0  |           0  |           0  |  00:00:00  |
|  Shift Register to Pipeline                       |            0  |              0  |                     0  |           0  |           0  |  00:00:00  |
|  Shift Register                                   |            0  |              0  |                     0  |           0  |           0  |  00:00:00  |
|  BRAM Register                                    |            0  |              0  |                     0  |           0  |           0  |  00:00:00  |
|  URAM Register                                    |            0  |              0  |                     0  |           0  |           0  |  00:00:00  |
|  Dynamic/Static Region Interface Net Replication  |            0  |              0  |                     0  |           0  |           1  |  00:00:00  |
|  Total                                            |            0  |              0  |                     0  |           0  |           4  |  00:00:00  |
-----------------------------------------------------------------------------------------------------------------------------------------------------------


Phase 2.4.1 Physical Synthesis In Placer | Checksum: 1122f26d4

Time (s): cpu = 00:00:02 ; elapsed = 00:00:01 . Memory (MB): peak = 3004.484 ; gain = 32.012 ; free physical = 10936 ; free virtual = 17764
Phase 2.4 Global Placement Core | Checksum: eedea8fe

Time (s): cpu = 00:00:02 ; elapsed = 00:00:01 . Memory (MB): peak = 3004.484 ; gain = 32.012 ; free physical = 10936 ; free virtual = 17764
Phase 2 Global Placement | Checksum: eedea8fe

Time (s): cpu = 00:00:02 ; elapsed = 00:00:01 . Memory (MB): peak = 3004.484 ; gain = 32.012 ; free physical = 10936 ; free virtual = 17764

Phase 3 Detail Placement

Phase 3.1 Commit Multi Column Macros
Phase 3.1 Commit Multi Column Macros | Checksum: ed366e94

Time (s): cpu = 00:00:02 ; elapsed = 00:00:01 . Memory (MB): peak = 3004.484 ; gain = 32.012 ; free physical = 10934 ; free virtual = 17762

Phase 3.2 Commit Most Macros & LUTRAMs
Phase 3.2 Commit Most Macros & LUTRAMs | Checksum: e332e1ac

Time (s): cpu = 00:00:02 ; elapsed = 00:00:01 . Memory (MB): peak = 3004.484 ; gain = 32.012 ; free physical = 10928 ; free virtual = 17757

Phase 3.3 Area Swap Optimization
Phase 3.3 Area Swap Optimization | Checksum: 103da9074

Time (s): cpu = 00:00:02 ; elapsed = 00:00:01 . Memory (MB): peak = 3004.484 ; gain = 32.012 ; free physical = 10925 ; free virtual = 17754

Phase 3.4 Pipeline Register Optimization
Phase 3.4 Pipeline Register Optimization | Checksum: 108330c06

Time (s): cpu = 00:00:02 ; elapsed = 00:00:01 . Memory (MB): peak = 3004.484 ; gain = 32.012 ; free physical = 10925 ; free virtual = 17753

Phase 3.5 Small Shape Detail Placement
Phase 3.5 Small Shape Detail Placement | Checksum: 145d06492

Time (s): cpu = 00:00:02 ; elapsed = 00:00:02 . Memory (MB): peak = 3004.484 ; gain = 32.012 ; free physical = 10930 ; free virtual = 17758

Phase 3.6 Re-assign LUT pins
Phase 3.6 Re-assign LUT pins | Checksum: 11ccb87d0

Time (s): cpu = 00:00:02 ; elapsed = 00:00:02 . Memory (MB): peak = 3004.484 ; gain = 32.012 ; free physical = 10931 ; free virtual = 17759

Phase 3.7 Pipeline Register Optimization
Phase 3.7 Pipeline Register Optimization | Checksum: 1132beb62

Time (s): cpu = 00:00:02 ; elapsed = 00:00:02 . Memory (MB): peak = 3004.484 ; gain = 32.012 ; free physical = 10931 ; free virtual = 17759
Phase 3 Detail Placement | Checksum: 1132beb62

Time (s): cpu = 00:00:02 ; elapsed = 00:00:02 . Memory (MB): peak = 3004.484 ; gain = 32.012 ; free physical = 10931 ; free virtual = 17759

Phase 4 Post Placement Optimization and Clean-Up

Phase 4.1 Post Commit Optimization
INFO: [Timing 38-35] Done setting XDC timing constraints.

Phase 4.1.1 Post Placement Optimization
Post Placement Optimization Initialization | Checksum: 1d0a12c09

Phase 4.1.1.1 BUFG Insertion

Starting Physical Synthesis Task

Phase 1 Physical Synthesis Initialization
INFO: [Physopt 32-721] Multithreading enabled for phys_opt_design using a maximum of 4 CPUs
INFO: [Physopt 32-619] Estimated Timing Summary | WNS=3.578 | TNS=0.000 |
Phase 1 Physical Synthesis Initialization | Checksum: 2679bdea7

Time (s): cpu = 00:00:00.04 ; elapsed = 00:00:00.02 . Memory (MB): peak = 3004.484 ; gain = 0.000 ; free physical = 10930 ; free virtual = 17758
INFO: [Place 46-56] BUFG insertion identified 0 candidate nets. Inserted BUFG: 0, Replicated BUFG Driver: 0, Skipped due to Placement/Routing Conflicts: 0, Skipped due to Timing Degradation: 0, Skipped due to Illegal Netlist: 0.
Ending Physical Synthesis Task | Checksum: 1d2051d67

Time (s): cpu = 00:00:00.04 ; elapsed = 00:00:00.02 . Memory (MB): peak = 3004.484 ; gain = 0.000 ; free physical = 10930 ; free virtual = 17758
Phase 4.1.1.1 BUFG Insertion | Checksum: 1d0a12c09

Time (s): cpu = 00:00:03 ; elapsed = 00:00:02 . Memory (MB): peak = 3004.484 ; gain = 32.012 ; free physical = 10930 ; free virtual = 17758

Phase 4.1.1.2 Post Placement Timing Optimization
INFO: [Place 30-746] Post Placement Timing Summary WNS=3.578. For the most accurate timing information please run report_timing.
Phase 4.1.1.2 Post Placement Timing Optimization | Checksum: 1112a4863

Time (s): cpu = 00:00:03 ; elapsed = 00:00:02 . Memory (MB): peak = 3004.484 ; gain = 32.012 ; free physical = 10930 ; free virtual = 17758

Time (s): cpu = 00:00:03 ; elapsed = 00:00:02 . Memory (MB): peak = 3004.484 ; gain = 32.012 ; free physical = 10930 ; free virtual = 17758
Phase 4.1 Post Commit Optimization | Checksum: 1112a4863

Time (s): cpu = 00:00:03 ; elapsed = 00:00:02 . Memory (MB): peak = 3004.484 ; gain = 32.012 ; free physical = 10930 ; free virtual = 17758

Phase 4.2 Post Placement Cleanup
Phase 4.2 Post Placement Cleanup | Checksum: 1112a4863

Time (s): cpu = 00:00:03 ; elapsed = 00:00:02 . Memory (MB): peak = 3004.484 ; gain = 32.012 ; free physical = 10931 ; free virtual = 17758

Phase 4.3 Placer Reporting

Phase 4.3.1 Print Estimated Congestion
INFO: [Place 30-612] Post-Placement Estimated Congestion 
 ____________________________________________________
|           | Global Congestion | Short Congestion  |
| Direction | Region Size       | Region Size       |
|___________|___________________|___________________|
|      North|                1x1|                1x1|
|___________|___________________|___________________|
|      South|                1x1|                1x1|
|___________|___________________|___________________|
|       East|                1x1|                1x1|
|___________|___________________|___________________|
|       West|                1x1|                1x1|
|___________|___________________|___________________|

Phase 4.3.1 Print Estimated Congestion | Checksum: 1112a4863

Time (s): cpu = 00:00:03 ; elapsed = 00:00:02 . Memory (MB): peak = 3004.484 ; gain = 32.012 ; free physical = 10931 ; free virtual = 17758
Phase 4.3 Placer Reporting | Checksum: 1112a4863

Time (s): cpu = 00:00:03 ; elapsed = 00:00:02 . Memory (MB): peak = 3004.484 ; gain = 32.012 ; free physical = 10931 ; free virtual = 17758

Phase 4.4 Final Placement Cleanup
Netlist sorting complete. Time (s): cpu = 00:00:00 ; elapsed = 00:00:00 . Memory (MB): peak = 3004.484 ; gain = 0.000 ; free physical = 10931 ; free virtual = 17758

Time (s): cpu = 00:00:03 ; elapsed = 00:00:02 . Memory (MB): peak = 3004.484 ; gain = 32.012 ; free physical = 10931 ; free virtual = 17758
Phase 4 Post Placement Optimization and Clean-Up | Checksum: 14bd79e6e

Time (s): cpu = 00:00:03 ; elapsed = 00:00:02 . Memory (MB): peak = 3004.484 ; gain = 32.012 ; free physical = 10931 ; free virtual = 17758
Ending Placer Task | Checksum: 129e0a62b

Time (s): cpu = 00:00:03 ; elapsed = 00:00:02 . Memory (MB): peak = 3004.484 ; gain = 32.012 ; free physical = 10931 ; free virtual = 17758
INFO: [Common 17-83] Releasing license: Implementation
28 Infos, 0 Warnings, 0 Critical Warnings and 0 Errors encountered.
place_design completed successfully
INFO: [Common 17-600] The following parameters have non-default value.
general.maxThreads
# write_checkpoint -force ${TOP}_placed.dcp
INFO: [Timing 38-480] Writing timing data to binary archive.
Writing placer database...
Writing XDEF routing.
Writing XDEF routing logical nets.
Writing XDEF routing special nets.
Write XDEF Complete: Time (s): cpu = 00:00:00.16 ; elapsed = 00:00:00.07 . Memory (MB): peak = 3005.492 ; gain = 0.004 ; free physical = 10942 ; free virtual = 17772
INFO: [Common 17-1381] The checkpoint '/home/cc/eecs151/fa22/class/eecs151-adv/fpga_labs_fa22/lab3/build/impl/z1top_placed.dcp' has been generated.
# report_utilization -file post_place_utilization.rpt
# phys_opt_design
Command: phys_opt_design
Attempting to get a license for feature 'Implementation' and/or device 'xc7z020'
INFO: [Common 17-349] Got license for feature 'Implementation' and/or device 'xc7z020'
INFO: [Vivado_Tcl 4-383] Design worst setup slack (WNS) is greater than or equal to 0.000 ns. Skipping all physical synthesis optimizations.
INFO: [Vivado_Tcl 4-232] No setup violation found. The netlist was not modified.
INFO: [Common 17-83] Releasing license: Implementation
4 Infos, 0 Warnings, 0 Critical Warnings and 0 Errors encountered.
phys_opt_design completed successfully
INFO: [Common 17-600] The following parameters have non-default value.
general.maxThreads
# route_design
Command: route_design
Attempting to get a license for feature 'Implementation' and/or device 'xc7z020'
INFO: [Common 17-349] Got license for feature 'Implementation' and/or device 'xc7z020'
Running DRC as a precondition to command route_design
INFO: [DRC 23-27] Running DRC with 4 threads
INFO: [Vivado_Tcl 4-198] DRC finished with 0 Errors
INFO: [Vivado_Tcl 4-199] Please refer to the DRC report (report_drc) for more information.


Starting Routing Task
INFO: [Route 35-254] Multithreading enabled for route_design using a maximum of 4 CPUs
Checksum: PlaceDB: 4bd71aa9 ConstDB: 0 ShapeSum: de098b82 RouteDB: 0

Phase 1 Build RT Design
Phase 1 Build RT Design | Checksum: f45fcf5d

Time (s): cpu = 00:00:21 ; elapsed = 00:00:16 . Memory (MB): peak = 3074.113 ; gain = 68.621 ; free physical = 10785 ; free virtual = 17612
Post Restoration Checksum: NetGraph: 6a91b336 NumContArr: 89ce1c27 Constraints: 0 Timing: 0

Phase 2 Router Initialization

Phase 2.1 Create Timer
Phase 2.1 Create Timer | Checksum: f45fcf5d

Time (s): cpu = 00:00:21 ; elapsed = 00:00:17 . Memory (MB): peak = 3074.113 ; gain = 68.621 ; free physical = 10786 ; free virtual = 17612

Phase 2.2 Fix Topology Constraints
Phase 2.2 Fix Topology Constraints | Checksum: f45fcf5d

Time (s): cpu = 00:00:21 ; elapsed = 00:00:17 . Memory (MB): peak = 3082.109 ; gain = 76.617 ; free physical = 10767 ; free virtual = 17595

Phase 2.3 Pre Route Cleanup
Phase 2.3 Pre Route Cleanup | Checksum: f45fcf5d

Time (s): cpu = 00:00:21 ; elapsed = 00:00:17 . Memory (MB): peak = 3082.109 ; gain = 76.617 ; free physical = 10767 ; free virtual = 17595
 Number of Nodes with overlaps = 0

Phase 2.4 Update Timing
Phase 2.4 Update Timing | Checksum: c896733d

Time (s): cpu = 00:00:21 ; elapsed = 00:00:17 . Memory (MB): peak = 3104.992 ; gain = 99.500 ; free physical = 10758 ; free virtual = 17586
INFO: [Route 35-416] Intermediate Timing Summary | WNS=3.587  | TNS=0.000  | WHS=-0.096 | THS=-2.394 |

Phase 2 Router Initialization | Checksum: 111500025

Time (s): cpu = 00:00:21 ; elapsed = 00:00:17 . Memory (MB): peak = 3104.992 ; gain = 99.500 ; free physical = 10758 ; free virtual = 17586

Router Utilization Summary
  Global Vertical Routing Utilization    = 0 %
  Global Horizontal Routing Utilization  = 0 %
  Routable Net Status*
  *Does not include unroutable nets such as driverless and loadless.
  Run report_route_status for detailed report.
  Number of Failed Nets               = 180
    (Failed Nets is the sum of unrouted and partially routed nets)
  Number of Unrouted Nets             = 180
  Number of Partially Routed Nets     = 0
  Number of Node Overlaps             = 0


Phase 3 Initial Routing

Phase 3.1 Global Routing
Phase 3.1 Global Routing | Checksum: 111500025

Time (s): cpu = 00:00:22 ; elapsed = 00:00:17 . Memory (MB): peak = 3104.992 ; gain = 99.500 ; free physical = 10758 ; free virtual = 17586
Phase 3 Initial Routing | Checksum: 1967d7618

Time (s): cpu = 00:00:22 ; elapsed = 00:00:17 . Memory (MB): peak = 3104.992 ; gain = 99.500 ; free physical = 10758 ; free virtual = 17586

Phase 4 Rip-up And Reroute

Phase 4.1 Global Iteration 0
 Number of Nodes with overlaps = 14
 Number of Nodes with overlaps = 0
INFO: [Route 35-416] Intermediate Timing Summary | WNS=3.264  | TNS=0.000  | WHS=N/A    | THS=N/A    |

Phase 4.1 Global Iteration 0 | Checksum: 186e9c348

Time (s): cpu = 00:00:22 ; elapsed = 00:00:17 . Memory (MB): peak = 3104.992 ; gain = 99.500 ; free physical = 10757 ; free virtual = 17586

Phase 4.2 Global Iteration 1
 Number of Nodes with overlaps = 2
 Number of Nodes with overlaps = 0
INFO: [Route 35-416] Intermediate Timing Summary | WNS=3.264  | TNS=0.000  | WHS=N/A    | THS=N/A    |

Phase 4.2 Global Iteration 1 | Checksum: 7810de31

Time (s): cpu = 00:00:22 ; elapsed = 00:00:17 . Memory (MB): peak = 3104.992 ; gain = 99.500 ; free physical = 10757 ; free virtual = 17586
Phase 4 Rip-up And Reroute | Checksum: 7810de31

Time (s): cpu = 00:00:22 ; elapsed = 00:00:17 . Memory (MB): peak = 3104.992 ; gain = 99.500 ; free physical = 10757 ; free virtual = 17586

Phase 5 Delay and Skew Optimization

Phase 5.1 Delay CleanUp
Phase 5.1 Delay CleanUp | Checksum: 7810de31

Time (s): cpu = 00:00:22 ; elapsed = 00:00:17 . Memory (MB): peak = 3104.992 ; gain = 99.500 ; free physical = 10757 ; free virtual = 17586

Phase 5.2 Clock Skew Optimization
Phase 5.2 Clock Skew Optimization | Checksum: 7810de31

Time (s): cpu = 00:00:22 ; elapsed = 00:00:17 . Memory (MB): peak = 3104.992 ; gain = 99.500 ; free physical = 10757 ; free virtual = 17586
Phase 5 Delay and Skew Optimization | Checksum: 7810de31

Time (s): cpu = 00:00:22 ; elapsed = 00:00:17 . Memory (MB): peak = 3104.992 ; gain = 99.500 ; free physical = 10757 ; free virtual = 17586

Phase 6 Post Hold Fix

Phase 6.1 Hold Fix Iter

Phase 6.1.1 Update Timing
Phase 6.1.1 Update Timing | Checksum: 2829c83d

Time (s): cpu = 00:00:22 ; elapsed = 00:00:17 . Memory (MB): peak = 3104.992 ; gain = 99.500 ; free physical = 10758 ; free virtual = 17587
INFO: [Route 35-416] Intermediate Timing Summary | WNS=3.419  | TNS=0.000  | WHS=0.054  | THS=0.000  |

Phase 6.1 Hold Fix Iter | Checksum: a95203df

Time (s): cpu = 00:00:22 ; elapsed = 00:00:17 . Memory (MB): peak = 3104.992 ; gain = 99.500 ; free physical = 10758 ; free virtual = 17587
Phase 6 Post Hold Fix | Checksum: a95203df

Time (s): cpu = 00:00:22 ; elapsed = 00:00:17 . Memory (MB): peak = 3104.992 ; gain = 99.500 ; free physical = 10758 ; free virtual = 17587

Phase 7 Route finalize

Router Utilization Summary
  Global Vertical Routing Utilization    = 0.0290981 %
  Global Horizontal Routing Utilization  = 0.0212982 %
  Routable Net Status*
  *Does not include unroutable nets such as driverless and loadless.
  Run report_route_status for detailed report.
  Number of Failed Nets               = 0
    (Failed Nets is the sum of unrouted and partially routed nets)
  Number of Unrouted Nets             = 0
  Number of Partially Routed Nets     = 0
  Number of Node Overlaps             = 0

Phase 7 Route finalize | Checksum: 4e20fcd3

Time (s): cpu = 00:00:23 ; elapsed = 00:00:17 . Memory (MB): peak = 3104.992 ; gain = 99.500 ; free physical = 10758 ; free virtual = 17587

Phase 8 Verifying routed nets

 Verification completed successfully
Phase 8 Verifying routed nets | Checksum: 4e20fcd3

Time (s): cpu = 00:00:23 ; elapsed = 00:00:17 . Memory (MB): peak = 3104.992 ; gain = 99.500 ; free physical = 10757 ; free virtual = 17585

Phase 9 Depositing Routes
Phase 9 Depositing Routes | Checksum: 5838303c

Time (s): cpu = 00:00:23 ; elapsed = 00:00:17 . Memory (MB): peak = 3104.992 ; gain = 99.500 ; free physical = 10757 ; free virtual = 17585

Phase 10 Post Router Timing
INFO: [Route 35-57] Estimated Timing Summary | WNS=3.419  | TNS=0.000  | WHS=0.054  | THS=0.000  |

INFO: [Route 35-327] The final timing numbers are based on the router estimated timing analysis. For a complete and accurate timing signoff, please run report_timing_summary.
Phase 10 Post Router Timing | Checksum: 5838303c

Time (s): cpu = 00:00:23 ; elapsed = 00:00:17 . Memory (MB): peak = 3104.992 ; gain = 99.500 ; free physical = 10756 ; free virtual = 17585
INFO: [Route 35-16] Router Completed Successfully

Time (s): cpu = 00:00:23 ; elapsed = 00:00:17 . Memory (MB): peak = 3104.992 ; gain = 99.500 ; free physical = 10777 ; free virtual = 17606

Routing Is Done.
INFO: [Common 17-83] Releasing license: Implementation
13 Infos, 0 Warnings, 0 Critical Warnings and 0 Errors encountered.
route_design completed successfully
route_design: Time (s): cpu = 00:00:25 ; elapsed = 00:00:18 . Memory (MB): peak = 3104.992 ; gain = 99.500 ; free physical = 10778 ; free virtual = 17606
INFO: [Common 17-600] The following parameters have non-default value.
general.maxThreads
# write_checkpoint -force ${TOP}_routed.dcp
INFO: [Timing 38-480] Writing timing data to binary archive.
Writing placer database...
Writing XDEF routing.
Writing XDEF routing logical nets.
Writing XDEF routing special nets.
Write XDEF Complete: Time (s): cpu = 00:00:00.17 ; elapsed = 00:00:00.08 . Memory (MB): peak = 3115.965 ; gain = 2.973 ; free physical = 10775 ; free virtual = 17605
INFO: [Common 17-1381] The checkpoint '/home/cc/eecs151/fa22/class/eecs151-adv/fpga_labs_fa22/lab3/build/impl/z1top_routed.dcp' has been generated.
# write_verilog -force post_route.v
# write_xdc -force post_route.xdc
# report_drc -file post_route_drc.rpt
Command: report_drc -file post_route_drc.rpt
INFO: [IP_Flow 19-234] Refreshing IP repositories
INFO: [IP_Flow 19-1704] No user IP repositories specified
INFO: [IP_Flow 19-2313] Loaded Vivado IP repository '/share/instsww/xilinx/Vivado/2021.1/data/ip'.
INFO: [DRC 23-27] Running DRC with 4 threads
INFO: [Vivado_Tcl 2-168] The results of DRC are in file /home/cc/eecs151/fa22/class/eecs151-adv/fpga_labs_fa22/lab3/build/impl/post_route_drc.rpt.
report_drc completed successfully
# report_timing_summary -warn_on_violation -file post_route_timing_summary.rpt
INFO: [Timing 38-91] UpdateTimingParams: Speed grade: -1, Delay Type: min_max.
INFO: [Timing 38-191] Multithreading enabled for timing update using a maximum of 4 CPUs
# write_bitstream -force ${TOP}.bit
Command: write_bitstream -force z1top.bit
Attempting to get a license for feature 'Implementation' and/or device 'xc7z020'
INFO: [Common 17-349] Got license for feature 'Implementation' and/or device 'xc7z020'
Running DRC as a precondition to command write_bitstream
INFO: [IP_Flow 19-1839] IP Catalog is up to date.
INFO: [DRC 23-27] Running DRC with 4 threads
WARNING: [DRC ZPS7-1] PS7 block required: The PS7 cell must be used in this Zynq design in order to enable correct default configuration.
INFO: [Vivado 12-3199] DRC finished with 0 Errors, 1 Warnings
INFO: [Vivado 12-3200] Please refer to the DRC report (report_drc) for more information.
INFO: [Designutils 20-2272] Running write_bitstream with 4 threads.
Loading data files...
Loading site data...
Loading route data...
Processing options...
Creating bitmap...
Creating bitstream...
Writing bitstream ./z1top.bit...
INFO: [Vivado 12-1842] Bitgen Completed Successfully.
INFO: [#UNDEF] WebTalk data collection is mandatory when using a WebPACK part without a full Vivado license. To see the specific WebTalk data collected for your design, open the usage_statistics_webtalk.html or usage_statistics_webtalk.xml file in the implementation directory.
INFO: [Common 17-186] '/home/cc/eecs151/fa22/class/eecs151-adv/fpga_labs_fa22/lab3/build/impl/usage_statistics_webtalk.xml' has been successfully sent to Xilinx on Mon Sep 19 16:37:58 2022. For additional details about this file, please refer to the WebTalk help file at /share/instsww/xilinx/Vivado/2021.1/doc/webtalk_introduction.html.
INFO: [Common 17-83] Releasing license: Implementation
10 Infos, 1 Warnings, 0 Critical Warnings and 0 Errors encountered.
write_bitstream completed successfully
write_bitstream: Time (s): cpu = 00:00:12 ; elapsed = 00:00:20 . Memory (MB): peak = 3477.332 ; gain = 328.746 ; free physical = 10749 ; free virtual = 17575
INFO: [Common 17-206] Exiting Vivado at Mon Sep 19 16:37:58 2022...
