Copyright 1986-2021 Xilinx, Inc. All Rights Reserved.
----------------------------------------------------------------------------------------------
| Tool Version : Vivado v.2021.1 (lin64) Build 3247384 Thu Jun 10 19:36:07 MDT 2021
| Date         : Tue Oct  4 12:05:59 2022
| Host         : c111-7.eecs.berkeley.edu running 64-bit CentOS Linux release 7.9.2009 (Core)
| Command      : report_timing_summary -file post_synth_timing_summary.rpt
| Design       : z1top
| Device       : 7z020-clg400
| Speed File   : -1  PRODUCTION 1.12 2019-11-22
----------------------------------------------------------------------------------------------

Timing Summary Report

------------------------------------------------------------------------------------------------
| Timer Settings
| --------------
------------------------------------------------------------------------------------------------

  Enable Multi Corner Analysis               :  Yes
  Enable Pessimism Removal                   :  Yes
  Pessimism Removal Resolution               :  Nearest Common Node
  Enable Input Delay Default Clock           :  No
  Enable Preset / Clear Arcs                 :  No
  Disable Flight Delays                      :  No
  Ignore I/O Paths                           :  No
  Timing Early Launch at Borrowing Latches   :  No
  Borrow Time for Max Delay Exceptions       :  Yes
  Merge Timing Exceptions                    :  Yes

  Corner  Analyze    Analyze    
  Name    Max Paths  Min Paths  
  ------  ---------  ---------  
  Slow    Yes        Yes        
  Fast    Yes        Yes        


------------------------------------------------------------------------------------------------
| Report Methodology
| ------------------
------------------------------------------------------------------------------------------------

No report available as report_methodology has not been run prior. Run report_methodology on the current design for the summary of methodology violations.



check_timing report

Table of Contents
-----------------
1. checking no_clock (0)
2. checking constant_clock (0)
3. checking pulse_width_clock (0)
4. checking unconstrained_internal_endpoints (0)
5. checking no_input_delay (6)
6. checking no_output_delay (8)
7. checking multiple_clock (0)
8. checking generated_clocks (0)
9. checking loops (0)
10. checking partial_input_delay (0)
11. checking partial_output_delay (0)
12. checking latch_loops (0)

1. checking no_clock (0)
------------------------
 There are 0 register/latch pins with no clock.


2. checking constant_clock (0)
------------------------------
 There are 0 register/latch pins with constant_clock.


3. checking pulse_width_clock (0)
---------------------------------
 There are 0 register/latch pins which need pulse_width check


4. checking unconstrained_internal_endpoints (0)
------------------------------------------------
 There are 0 pins that are not constrained for maximum delay.

 There are 0 pins that are not constrained for maximum delay due to constant clock.


5. checking no_input_delay (6)
------------------------------
 There are 6 input ports with no input delay specified. (HIGH)

 There are 0 input ports with no input delay but user has a false path constraint.


6. checking no_output_delay (8)
-------------------------------
 There are 8 ports with no output delay specified. (HIGH)

 There are 0 ports with no output delay but user has a false path constraint

 There are 0 ports with no output delay but with a timing clock defined on it or propagating through it


7. checking multiple_clock (0)
------------------------------
 There are 0 register/latch pins with multiple clocks.


8. checking generated_clocks (0)
--------------------------------
 There are 0 generated clocks that are not connected to a clock source.


9. checking loops (0)
---------------------
 There are 0 combinational loops in the design.


10. checking partial_input_delay (0)
------------------------------------
 There are 0 input ports with partial input delay specified.


11. checking partial_output_delay (0)
-------------------------------------
 There are 0 ports with partial output delay specified.


12. checking latch_loops (0)
----------------------------
 There are 0 combinational latch loops in the design through latch input



------------------------------------------------------------------------------------------------
| Design Timing Summary
| ---------------------
------------------------------------------------------------------------------------------------

    WNS(ns)      TNS(ns)  TNS Failing Endpoints  TNS Total Endpoints      WHS(ns)      THS(ns)  THS Failing Endpoints  THS Total Endpoints     WPWS(ns)     TPWS(ns)  TPWS Failing Endpoints  TPWS Total Endpoints  
    -------      -------  ---------------------  -------------------      -------      -------  ---------------------  -------------------     --------     --------  ----------------------  --------------------  
      1.862        0.000                      0                  439        0.137        0.000                      0                  439        3.500        0.000                       0                   201  


All user specified timing constraints are met.


------------------------------------------------------------------------------------------------
| Clock Summary
| -------------
------------------------------------------------------------------------------------------------

Clock            Waveform(ns)         Period(ns)      Frequency(MHz)
-----            ------------         ----------      --------------
clk_125mhz_fpga  {0.000 4.000}        8.000           125.000         


------------------------------------------------------------------------------------------------
| Intra Clock Table
| -----------------
------------------------------------------------------------------------------------------------

Clock                WNS(ns)      TNS(ns)  TNS Failing Endpoints  TNS Total Endpoints      WHS(ns)      THS(ns)  THS Failing Endpoints  THS Total Endpoints     WPWS(ns)     TPWS(ns)  TPWS Failing Endpoints  TPWS Total Endpoints  
-----                -------      -------  ---------------------  -------------------      -------      -------  ---------------------  -------------------     --------     --------  ----------------------  --------------------  
clk_125mhz_fpga        1.862        0.000                      0                  439        0.137        0.000                      0                  439        3.500        0.000                       0                   201  


------------------------------------------------------------------------------------------------
| Inter Clock Table
| -----------------
------------------------------------------------------------------------------------------------

From Clock    To Clock          WNS(ns)      TNS(ns)  TNS Failing Endpoints  TNS Total Endpoints      WHS(ns)      THS(ns)  THS Failing Endpoints  THS Total Endpoints  
----------    --------          -------      -------  ---------------------  -------------------      -------      -------  ---------------------  -------------------  


------------------------------------------------------------------------------------------------
| Other Path Groups Table
| -----------------------
------------------------------------------------------------------------------------------------

Path Group    From Clock    To Clock          WNS(ns)      TNS(ns)  TNS Failing Endpoints  TNS Total Endpoints      WHS(ns)      THS(ns)  THS Failing Endpoints  THS Total Endpoints  
----------    ----------    --------          -------      -------  ---------------------  -------------------      -------      -------  ---------------------  -------------------  


------------------------------------------------------------------------------------------------
| Timing Details
| --------------
------------------------------------------------------------------------------------------------


---------------------------------------------------------------------------------------------------
From Clock:  clk_125mhz_fpga
  To Clock:  clk_125mhz_fpga

Setup :            0  Failing Endpoints,  Worst Slack        1.862ns,  Total Violation        0.000ns
Hold  :            0  Failing Endpoints,  Worst Slack        0.137ns,  Total Violation        0.000ns
PW    :            0  Failing Endpoints,  Worst Slack        3.500ns,  Total Violation        0.000ns
---------------------------------------------------------------------------------------------------


Max Delay Paths
--------------------------------------------------------------------------------------
Slack (MET) :             1.862ns  (required time - arrival time)
  Source:                 fsm/fcw_reg[21]/C
                            (rising edge-triggered cell FDRE clocked by clk_125mhz_fpga  {rise@0.000ns fall@4.000ns period=8.000ns})
  Destination:            fsm/fcw_reg[13]/D
                            (rising edge-triggered cell FDRE clocked by clk_125mhz_fpga  {rise@0.000ns fall@4.000ns period=8.000ns})
  Path Group:             clk_125mhz_fpga
  Path Type:              Setup (Max at Slow Process Corner)
  Requirement:            8.000ns  (clk_125mhz_fpga rise@8.000ns - clk_125mhz_fpga rise@0.000ns)
  Data Path Delay:        6.002ns  (logic 2.296ns (38.254%)  route 3.706ns (61.746%))
  Logic Levels:           7  (CARRY4=3 LUT3=2 LUT4=1 LUT6=1)
  Clock Path Skew:        -0.145ns (DCD - SCD + CPR)
    Destination Clock Delay (DCD):    2.670ns = ( 10.670 - 8.000 ) 
    Source Clock Delay      (SCD):    2.935ns
    Clock Pessimism Removal (CPR):    0.120ns
  Clock Uncertainty:      0.035ns  ((TSJ^2 + TIJ^2)^1/2 + DJ) / 2 + PE
    Total System Jitter     (TSJ):    0.071ns
    Total Input Jitter      (TIJ):    0.000ns
    Discrete Jitter          (DJ):    0.000ns
    Phase Error              (PE):    0.000ns

    Location             Delay type                Incr(ns)  Path(ns)    Netlist Resource(s)
  -------------------------------------------------------------------    -------------------
                         (clock clk_125mhz_fpga rise edge)
                                                      0.000     0.000 r  
    H16                                               0.000     0.000 r  CLK_125MHZ_FPGA (IN)
                         net (fo=0)                   0.000     0.000    CLK_125MHZ_FPGA
    H16                  IBUF (Prop_ibuf_I_O)         1.451     1.451 r  CLK_125MHZ_FPGA_IBUF_inst/O
                         net (fo=1, unplaced)         0.800     2.250    CLK_125MHZ_FPGA_IBUF
                         BUFG (Prop_bufg_I_O)         0.101     2.351 r  CLK_125MHZ_FPGA_IBUF_BUFG_inst/O
                         net (fo=200, unplaced)       0.584     2.935    fsm/CLK_125MHZ_FPGA_IBUF_BUFG
                         FDRE                                         r  fsm/fcw_reg[21]/C
  -------------------------------------------------------------------    -------------------
                         FDRE (Prop_fdre_C_Q)         0.478     3.413 f  fsm/fcw_reg[21]/Q
                         net (fo=7, unplaced)         1.000     4.413    fsm/fcw_reg[22]_0[21]
                         LUT6 (Prop_lut6_I0_O)        0.295     4.708 r  fsm/fcw[0]_i_5/O
                         net (fo=4, unplaced)         0.926     5.634    fsm/fcw[0]_i_5_n_0
                         LUT3 (Prop_lut3_I0_O)        0.124     5.758 f  fsm/next_fcw0_carry_i_8/O
                         net (fo=25, unplaced)        0.514     6.272    fsm/notes/fcw_reg[17]
                         LUT3 (Prop_lut3_I1_O)        0.124     6.396 r  fsm/notes/next_fcw0_carry_i_3/O
                         net (fo=1, unplaced)         0.639     7.035    fsm/next_fcw_0[3]
                         CARRY4 (Prop_carry4_DI[1]_CO[3])
                                                      0.520     7.555 r  fsm/next_fcw0_carry/CO[3]
                         net (fo=1, unplaced)         0.009     7.564    fsm/next_fcw0_carry_n_0
                         CARRY4 (Prop_carry4_CI_CO[3])
                                                      0.117     7.681 r  fsm/next_fcw0_carry__0/CO[3]
                         net (fo=1, unplaced)         0.000     7.681    fsm/next_fcw0_carry__0_n_0
                         CARRY4 (Prop_carry4_CI_O[3])
                                                      0.331     8.012 r  fsm/next_fcw0_carry__1/O[3]
                         net (fo=1, unplaced)         0.618     8.630    fsm/notes/in11[8]
                         LUT4 (Prop_lut4_I3_O)        0.307     8.937 r  fsm/notes/fcw[13]_i_1/O
                         net (fo=1, unplaced)         0.000     8.937    fsm/next_fcw[13]
                         FDRE                                         r  fsm/fcw_reg[13]/D
  -------------------------------------------------------------------    -------------------

                         (clock clk_125mhz_fpga rise edge)
                                                      8.000     8.000 r  
    H16                                               0.000     8.000 r  CLK_125MHZ_FPGA (IN)
                         net (fo=0)                   0.000     8.000    CLK_125MHZ_FPGA
    H16                  IBUF (Prop_ibuf_I_O)         1.380     9.380 r  CLK_125MHZ_FPGA_IBUF_inst/O
                         net (fo=1, unplaced)         0.760    10.140    CLK_125MHZ_FPGA_IBUF
                         BUFG (Prop_bufg_I_O)         0.091    10.231 r  CLK_125MHZ_FPGA_IBUF_BUFG_inst/O
                         net (fo=200, unplaced)       0.439    10.670    fsm/CLK_125MHZ_FPGA_IBUF_BUFG
                         FDRE                                         r  fsm/fcw_reg[13]/C
                         clock pessimism              0.120    10.790    
                         clock uncertainty           -0.035    10.755    
                         FDRE (Setup_fdre_C_D)        0.044    10.799    fsm/fcw_reg[13]
  -------------------------------------------------------------------
                         required time                         10.799    
                         arrival time                          -8.937    
  -------------------------------------------------------------------
                         slack                                  1.862    





Min Delay Paths
--------------------------------------------------------------------------------------
Slack (MET) :             0.137ns  (arrival time - required time)
  Source:                 bp/button_edge_detector/edge_detect_pulse_reg[2]/C
                            (rising edge-triggered cell FDRE clocked by clk_125mhz_fpga  {rise@0.000ns fall@4.000ns period=8.000ns})
  Destination:            fsm/FSM_sequential_curr_state_reg[0]/D
                            (rising edge-triggered cell FDRE clocked by clk_125mhz_fpga  {rise@0.000ns fall@4.000ns period=8.000ns})
  Path Group:             clk_125mhz_fpga
  Path Type:              Hold (Min at Fast Process Corner)
  Requirement:            0.000ns  (clk_125mhz_fpga rise@0.000ns - clk_125mhz_fpga rise@0.000ns)
  Data Path Delay:        0.381ns  (logic 0.245ns (64.350%)  route 0.136ns (35.650%))
  Logic Levels:           1  (LUT6=1)
  Clock Path Skew:        0.145ns (DCD - SCD - CPR)
    Destination Clock Delay (DCD):    1.049ns
    Source Clock Delay      (SCD):    0.696ns
    Clock Pessimism Removal (CPR):    0.208ns

    Location             Delay type                Incr(ns)  Path(ns)    Netlist Resource(s)
  -------------------------------------------------------------------    -------------------
                         (clock clk_125mhz_fpga rise edge)
                                                      0.000     0.000 r  
    H16                                               0.000     0.000 r  CLK_125MHZ_FPGA (IN)
                         net (fo=0)                   0.000     0.000    CLK_125MHZ_FPGA
    H16                  IBUF (Prop_ibuf_I_O)         0.219     0.219 r  CLK_125MHZ_FPGA_IBUF_inst/O
                         net (fo=1, unplaced)         0.337     0.556    CLK_125MHZ_FPGA_IBUF
                         BUFG (Prop_bufg_I_O)         0.026     0.582 r  CLK_125MHZ_FPGA_IBUF_BUFG_inst/O
                         net (fo=200, unplaced)       0.114     0.696    bp/button_edge_detector/CLK_125MHZ_FPGA_IBUF_BUFG
                         FDRE                                         r  bp/button_edge_detector/edge_detect_pulse_reg[2]/C
  -------------------------------------------------------------------    -------------------
                         FDRE (Prop_fdre_C_Q)         0.147     0.843 r  bp/button_edge_detector/edge_detect_pulse_reg[2]/Q
                         net (fo=2, unplaced)         0.136     0.979    bp/button_edge_detector/buttons_pressed[2]
                         LUT6 (Prop_lut6_I5_O)        0.098     1.077 r  bp/button_edge_detector/FSM_sequential_curr_state[0]_i_1/O
                         net (fo=1, unplaced)         0.000     1.077    fsm/D[0]
                         FDRE                                         r  fsm/FSM_sequential_curr_state_reg[0]/D
  -------------------------------------------------------------------    -------------------

                         (clock clk_125mhz_fpga rise edge)
                                                      0.000     0.000 r  
    H16                                               0.000     0.000 r  CLK_125MHZ_FPGA (IN)
                         net (fo=0)                   0.000     0.000    CLK_125MHZ_FPGA
    H16                  IBUF (Prop_ibuf_I_O)         0.406     0.406 r  CLK_125MHZ_FPGA_IBUF_inst/O
                         net (fo=1, unplaced)         0.355     0.761    CLK_125MHZ_FPGA_IBUF
                         BUFG (Prop_bufg_I_O)         0.029     0.790 r  CLK_125MHZ_FPGA_IBUF_BUFG_inst/O
                         net (fo=200, unplaced)       0.259     1.049    fsm/CLK_125MHZ_FPGA_IBUF_BUFG
                         FDRE                                         r  fsm/FSM_sequential_curr_state_reg[0]/C
                         clock pessimism             -0.208     0.841    
                         FDRE (Hold_fdre_C_D)         0.099     0.940    fsm/FSM_sequential_curr_state_reg[0]
  -------------------------------------------------------------------
                         required time                         -0.940    
                         arrival time                           1.077    
  -------------------------------------------------------------------
                         slack                                  0.137    





Pulse Width Checks
--------------------------------------------------------------------------------------
Clock Name:         clk_125mhz_fpga
Waveform(ns):       { 0.000 4.000 }
Period(ns):         8.000
Sources:            { CLK_125MHZ_FPGA }

Check Type        Corner  Lib Pin             Reference Pin  Required(ns)  Actual(ns)  Slack(ns)  Location  Pin
Min Period        n/a     RAMB18E1/CLKARDCLK  n/a            2.576         8.000       5.424                sel/CLKARDCLK
Low Pulse Width   Slow    FDRE/C              n/a            0.500         4.000       3.500                bp/button_debouncer/cycles_reg[0]/C
High Pulse Width  Slow    FDRE/C              n/a            0.500         4.000       3.500                bp/button_debouncer/cycles_reg[0]/C



