
****** Vivado v2021.1 (64-bit)
  **** SW Build 3247384 on Thu Jun 10 19:36:07 MDT 2021
  **** IP Build 3246043 on Fri Jun 11 00:30:35 MDT 2021
    ** Copyright 1986-2021 Xilinx, Inc. All Rights Reserved.

source /home/cc/eecs151/fa22/class/eecs151-adv/fpga_labs_fa22/lab4/../scripts/synth.tcl
# source ../target.tcl
## set ABS_TOP                         /home/cc/eecs151/fa22/class/eecs151-adv/fpga_labs_fa22/lab4
## set TOP                            z1top
## set FPGA_PART                      xc7z020clg400-1
## set_param general.maxThreads       4
## set_param general.maxBackupLogs    0
## set RTL { /home/cc/eecs151/fa22/class/eecs151-adv/fpga_labs_fa22/lab4/src/button_parser.v /home/cc/eecs151/fa22/class/eecs151-adv/fpga_labs_fa22/lab4/src/dac.v /home/cc/eecs151/fa22/class/eecs151-adv/fpga_labs_fa22/lab4/src/debouncer.v /home/cc/eecs151/fa22/class/eecs151-adv/fpga_labs_fa22/lab4/src/edge_detector.v /home/cc/eecs151/fa22/class/eecs151-adv/fpga_labs_fa22/lab4/src/fcw_ram.v /home/cc/eecs151/fa22/class/eecs151-adv/fpga_labs_fa22/lab4/src/fsm.v /home/cc/eecs151/fa22/class/eecs151-adv/fpga_labs_fa22/lab4/src/nco.v /home/cc/eecs151/fa22/class/eecs151-adv/fpga_labs_fa22/lab4/src/sq_wave_gen.v /home/cc/eecs151/fa22/class/eecs151-adv/fpga_labs_fa22/lab4/src/synchronizer.v /home/cc/eecs151/fa22/class/eecs151-adv/fpga_labs_fa22/lab4/src/z1top.v }
## set CONSTRAINTS { /home/cc/eecs151/fa22/class/eecs151-adv/fpga_labs_fa22/lab4/src/z1top.xdc }
# if {[string trim ${RTL}] ne ""} {
#   read_verilog -v ${RTL}
# }
# if {[string trim ${CONSTRAINTS}] ne ""} {
#   read_xdc ${CONSTRAINTS}
# }
# synth_design -top ${TOP} -part ${FPGA_PART}
Command: synth_design -top z1top -part xc7z020clg400-1
Starting synth_design
Attempting to get a license for feature 'Synthesis' and/or device 'xc7z020'
INFO: [Common 17-349] Got license for feature 'Synthesis' and/or device 'xc7z020'
INFO: [Device 21-403] Loading part xc7z020clg400-1
INFO: [Synth 8-7079] Multithreading enabled for synth_design using a maximum of 4 processes.
INFO: [Synth 8-7078] Launching helper process for spawning children vivado processes
INFO: [Synth 8-7075] Helper process launched with PID 28102
WARNING: [Synth 8-2507] parameter declaration becomes local in fsm with formal parameter declaration list [/home/cc/eecs151/fa22/class/eecs151-adv/fpga_labs_fa22/lab4/src/fsm.v:18]
WARNING: [Synth 8-2507] parameter declaration becomes local in fsm with formal parameter declaration list [/home/cc/eecs151/fa22/class/eecs151-adv/fpga_labs_fa22/lab4/src/fsm.v:19]
WARNING: [Synth 8-2507] parameter declaration becomes local in fsm with formal parameter declaration list [/home/cc/eecs151/fa22/class/eecs151-adv/fpga_labs_fa22/lab4/src/fsm.v:20]
WARNING: [Synth 8-2507] parameter declaration becomes local in fsm with formal parameter declaration list [/home/cc/eecs151/fa22/class/eecs151-adv/fpga_labs_fa22/lab4/src/fsm.v:21]
---------------------------------------------------------------------------------
Starting RTL Elaboration : Time (s): cpu = 00:00:05 ; elapsed = 00:00:05 . Memory (MB): peak = 2562.723 ; gain = 0.000 ; free physical = 9429 ; free virtual = 16612
---------------------------------------------------------------------------------
INFO: [Synth 8-6157] synthesizing module 'z1top' [/home/cc/eecs151/fa22/class/eecs151-adv/fpga_labs_fa22/lab4/src/z1top.v:3]
INFO: [Synth 8-6157] synthesizing module 'button_parser' [/home/cc/eecs151/fa22/class/eecs151-adv/fpga_labs_fa22/lab4/src/button_parser.v:2]
	Parameter WIDTH bound to: 4 - type: integer 
	Parameter SAMPLE_CNT_MAX bound to: 62500 - type: integer 
	Parameter PULSE_CNT_MAX bound to: 200 - type: integer 
INFO: [Synth 8-6157] synthesizing module 'synchronizer' [/home/cc/eecs151/fa22/class/eecs151-adv/fpga_labs_fa22/lab4/src/synchronizer.v:1]
	Parameter WIDTH bound to: 4 - type: integer 
INFO: [Synth 8-6155] done synthesizing module 'synchronizer' (1#1) [/home/cc/eecs151/fa22/class/eecs151-adv/fpga_labs_fa22/lab4/src/synchronizer.v:1]
INFO: [Synth 8-6157] synthesizing module 'debouncer' [/home/cc/eecs151/fa22/class/eecs151-adv/fpga_labs_fa22/lab4/src/debouncer.v:1]
	Parameter WIDTH bound to: 4 - type: integer 
	Parameter SAMPLE_CNT_MAX bound to: 62500 - type: integer 
	Parameter PULSE_CNT_MAX bound to: 200 - type: integer 
INFO: [Synth 8-6155] done synthesizing module 'debouncer' (2#1) [/home/cc/eecs151/fa22/class/eecs151-adv/fpga_labs_fa22/lab4/src/debouncer.v:1]
INFO: [Synth 8-6157] synthesizing module 'edge_detector' [/home/cc/eecs151/fa22/class/eecs151-adv/fpga_labs_fa22/lab4/src/edge_detector.v:1]
	Parameter WIDTH bound to: 4 - type: integer 
INFO: [Synth 8-6155] done synthesizing module 'edge_detector' (3#1) [/home/cc/eecs151/fa22/class/eecs151-adv/fpga_labs_fa22/lab4/src/edge_detector.v:1]
INFO: [Synth 8-6155] done synthesizing module 'button_parser' (4#1) [/home/cc/eecs151/fa22/class/eecs151-adv/fpga_labs_fa22/lab4/src/button_parser.v:2]
INFO: [Synth 8-6157] synthesizing module 'synchronizer__parameterized0' [/home/cc/eecs151/fa22/class/eecs151-adv/fpga_labs_fa22/lab4/src/synchronizer.v:1]
	Parameter WIDTH bound to: 2 - type: integer 
INFO: [Synth 8-6155] done synthesizing module 'synchronizer__parameterized0' (4#1) [/home/cc/eecs151/fa22/class/eecs151-adv/fpga_labs_fa22/lab4/src/synchronizer.v:1]
INFO: [Synth 8-6157] synthesizing module 'dac' [/home/cc/eecs151/fa22/class/eecs151-adv/fpga_labs_fa22/lab4/src/dac.v:1]
	Parameter CYCLES_PER_WINDOW bound to: 1024 - type: integer 
INFO: [Synth 8-6155] done synthesizing module 'dac' (5#1) [/home/cc/eecs151/fa22/class/eecs151-adv/fpga_labs_fa22/lab4/src/dac.v:1]
INFO: [Synth 8-6157] synthesizing module 'sq_wave_gen' [/home/cc/eecs151/fa22/class/eecs151-adv/fpga_labs_fa22/lab4/src/sq_wave_gen.v:1]
INFO: [Synth 8-6155] done synthesizing module 'sq_wave_gen' (6#1) [/home/cc/eecs151/fa22/class/eecs151-adv/fpga_labs_fa22/lab4/src/sq_wave_gen.v:1]
INFO: [Synth 8-6157] synthesizing module 'nco' [/home/cc/eecs151/fa22/class/eecs151-adv/fpga_labs_fa22/lab4/src/nco.v:1]
INFO: [Synth 8-3876] $readmem data file 'sine.bin' is read successfully [/home/cc/eecs151/fa22/class/eecs151-adv/fpga_labs_fa22/lab4/src/nco.v:11]
INFO: [Synth 8-6155] done synthesizing module 'nco' (7#1) [/home/cc/eecs151/fa22/class/eecs151-adv/fpga_labs_fa22/lab4/src/nco.v:1]
INFO: [Synth 8-6157] synthesizing module 'fsm' [/home/cc/eecs151/fa22/class/eecs151-adv/fpga_labs_fa22/lab4/src/fsm.v:1]
INFO: [Synth 8-6157] synthesizing module 'fcw_ram' [/home/cc/eecs151/fa22/class/eecs151-adv/fpga_labs_fa22/lab4/src/fcw_ram.v:1]
INFO: [Synth 8-6155] done synthesizing module 'fcw_ram' (8#1) [/home/cc/eecs151/fa22/class/eecs151-adv/fpga_labs_fa22/lab4/src/fcw_ram.v:1]
INFO: [Synth 8-6155] done synthesizing module 'fsm' (9#1) [/home/cc/eecs151/fa22/class/eecs151-adv/fpga_labs_fa22/lab4/src/fsm.v:1]
INFO: [Synth 8-6155] done synthesizing module 'z1top' (10#1) [/home/cc/eecs151/fa22/class/eecs151-adv/fpga_labs_fa22/lab4/src/z1top.v:3]
---------------------------------------------------------------------------------
Finished RTL Elaboration : Time (s): cpu = 00:00:06 ; elapsed = 00:00:06 . Memory (MB): peak = 2562.723 ; gain = 0.000 ; free physical = 10278 ; free virtual = 17464
---------------------------------------------------------------------------------
---------------------------------------------------------------------------------
Start Handling Custom Attributes
---------------------------------------------------------------------------------
---------------------------------------------------------------------------------
Finished Handling Custom Attributes : Time (s): cpu = 00:00:06 ; elapsed = 00:00:07 . Memory (MB): peak = 2562.723 ; gain = 0.000 ; free physical = 10296 ; free virtual = 17482
---------------------------------------------------------------------------------
---------------------------------------------------------------------------------
Finished RTL Optimization Phase 1 : Time (s): cpu = 00:00:06 ; elapsed = 00:00:07 . Memory (MB): peak = 2562.723 ; gain = 0.000 ; free physical = 10296 ; free virtual = 17482
---------------------------------------------------------------------------------
Netlist sorting complete. Time (s): cpu = 00:00:00 ; elapsed = 00:00:00.01 . Memory (MB): peak = 2562.723 ; gain = 0.000 ; free physical = 10297 ; free virtual = 17483
INFO: [Project 1-570] Preparing netlist for logic optimization

Processing XDC Constraints
Initializing timing engine
Parsing XDC File [/home/cc/eecs151/fa22/class/eecs151-adv/fpga_labs_fa22/lab4/src/z1top.xdc]
Finished Parsing XDC File [/home/cc/eecs151/fa22/class/eecs151-adv/fpga_labs_fa22/lab4/src/z1top.xdc]
INFO: [Project 1-236] Implementation specific constraints were found while reading constraint file [/home/cc/eecs151/fa22/class/eecs151-adv/fpga_labs_fa22/lab4/src/z1top.xdc]. These constraints will be ignored for synthesis but will be used in implementation. Impacted constraints are listed in the file [.Xil/z1top_propImpl.xdc].
Resolution: To avoid this warning, move constraints listed in [.Xil/z1top_propImpl.xdc] to another XDC file and exclude this new file from synthesis with the used_in_synthesis property (File Properties dialog in GUI) and re-run elaboration/synthesis.
Completed Processing XDC Constraints

Netlist sorting complete. Time (s): cpu = 00:00:00 ; elapsed = 00:00:00 . Memory (MB): peak = 2594.578 ; gain = 0.000 ; free physical = 10188 ; free virtual = 17374
INFO: [Project 1-111] Unisim Transformation Summary:
No Unisim elements were transformed.

Constraint Validation Runtime : Time (s): cpu = 00:00:00 ; elapsed = 00:00:00 . Memory (MB): peak = 2594.578 ; gain = 0.000 ; free physical = 10188 ; free virtual = 17374
---------------------------------------------------------------------------------
Finished Constraint Validation : Time (s): cpu = 00:00:12 ; elapsed = 00:00:13 . Memory (MB): peak = 2594.582 ; gain = 31.859 ; free physical = 10269 ; free virtual = 17453
---------------------------------------------------------------------------------
---------------------------------------------------------------------------------
Start Loading Part and Timing Information
---------------------------------------------------------------------------------
Loading part: xc7z020clg400-1
---------------------------------------------------------------------------------
Finished Loading Part and Timing Information : Time (s): cpu = 00:00:12 ; elapsed = 00:00:13 . Memory (MB): peak = 2594.582 ; gain = 31.859 ; free physical = 10271 ; free virtual = 17455
---------------------------------------------------------------------------------
---------------------------------------------------------------------------------
Start Applying 'set_property' XDC Constraints
---------------------------------------------------------------------------------
---------------------------------------------------------------------------------
Finished applying 'set_property' XDC Constraints : Time (s): cpu = 00:00:12 ; elapsed = 00:00:13 . Memory (MB): peak = 2594.582 ; gain = 31.859 ; free physical = 10268 ; free virtual = 17454
---------------------------------------------------------------------------------
INFO: [Synth 8-802] inferred FSM for state register 'light_reg' in module 'sq_wave_gen'
INFO: [Synth 8-802] inferred FSM for state register 'curr_state_reg' in module 'fsm'
---------------------------------------------------------------------------------------------------
                   State |                     New Encoding |                Previous Encoding 
---------------------------------------------------------------------------------------------------
                  iSTATE |                               01 |                             0000
*
                 iSTATE0 |                               10 |                             0001
---------------------------------------------------------------------------------------------------
INFO: [Synth 8-3354] encoded FSM with state register 'light_reg' using encoding 'one-hot' in module 'sq_wave_gen'
---------------------------------------------------------------------------------------------------
                   State |                     New Encoding |                Previous Encoding 
---------------------------------------------------------------------------------------------------
                REG_PLAY |                               00 |                               00
                REV_PLAY |                               01 |                               10
                   PAUSE |                               10 |                               01
                    EDIT |                               11 |                               11
---------------------------------------------------------------------------------------------------
INFO: [Synth 8-3354] encoded FSM with state register 'curr_state_reg' using encoding 'sequential' in module 'fsm'
WARNING: [Synth 8-327] inferring latch for variable 'notpaused_reg' [/home/cc/eecs151/fa22/class/eecs151-adv/fpga_labs_fa22/lab4/src/fsm.v:86]
WARNING: [Synth 8-327] inferring latch for variable 'cyclerst_reg' [/home/cc/eecs151/fa22/class/eecs151-adv/fpga_labs_fa22/lab4/src/fsm.v:92]
---------------------------------------------------------------------------------
Finished RTL Optimization Phase 2 : Time (s): cpu = 00:00:13 ; elapsed = 00:00:14 . Memory (MB): peak = 2594.590 ; gain = 31.867 ; free physical = 10255 ; free virtual = 17442
---------------------------------------------------------------------------------
---------------------------------------------------------------------------------
Start RTL Component Statistics 
---------------------------------------------------------------------------------
Detailed RTL Component Info : 
+---Adders : 
	   2 Input   24 Bit       Adders := 2     
	   2 Input   14 Bit       Adders := 2     
	   2 Input   10 Bit       Adders := 1     
	   2 Input    9 Bit       Adders := 4     
	   2 Input    8 Bit       Adders := 1     
	   2 Input    2 Bit       Adders := 2     
+---Registers : 
	               24 Bit    Registers := 6     
	               14 Bit    Registers := 1     
	               10 Bit    Registers := 2     
	                9 Bit    Registers := 4     
	                8 Bit    Registers := 2     
	                4 Bit    Registers := 3     
	                2 Bit    Registers := 1     
	                1 Bit    Registers := 14    
+---ROMs : 
	                    ROMs := 1     
+---Muxes : 
	   4 Input   24 Bit        Muxes := 2     
	   2 Input   14 Bit        Muxes := 3     
	   2 Input   11 Bit        Muxes := 1     
	   4 Input   10 Bit        Muxes := 1     
	   2 Input   10 Bit        Muxes := 2     
	   2 Input    4 Bit        Muxes := 3     
	   4 Input    4 Bit        Muxes := 1     
	   2 Input    3 Bit        Muxes := 2     
	   2 Input    2 Bit        Muxes := 8     
	   4 Input    2 Bit        Muxes := 2     
	   2 Input    1 Bit        Muxes := 13    
	   4 Input    1 Bit        Muxes := 4     
---------------------------------------------------------------------------------
Finished RTL Component Statistics 
---------------------------------------------------------------------------------
---------------------------------------------------------------------------------
Start Part Resource Summary
---------------------------------------------------------------------------------
Part Resources:
DSPs: 220 (col length:60)
BRAMs: 280 (col length: RAMB18 60 RAMB36 30)
---------------------------------------------------------------------------------
Finished Part Resource Summary
---------------------------------------------------------------------------------
---------------------------------------------------------------------------------
Start Cross Boundary and Area Optimization
---------------------------------------------------------------------------------
CRITICAL WARNING: [Synth 8-6859] multi-driven net on pin Q with 1st driver pin 'fsm/cyclerst_reg__0/Q' [/home/cc/eecs151/fa22/class/eecs151-adv/fpga_labs_fa22/lab4/src/fsm.v:59]
CRITICAL WARNING: [Synth 8-6859] multi-driven net on pin Q with 2nd driver pin 'GND' [/home/cc/eecs151/fa22/class/eecs151-adv/fpga_labs_fa22/lab4/src/fsm.v:59]
CRITICAL WARNING: [Synth 8-6858] multi-driven net Q is connected to at least one constant driver which has been preserved, other driver is ignored [/home/cc/eecs151/fa22/class/eecs151-adv/fpga_labs_fa22/lab4/src/fsm.v:59]
CRITICAL WARNING: [Synth 8-6859] multi-driven net on pin Q with 1st driver pin 'fsm/notpaused_reg__0/Q' [/home/cc/eecs151/fa22/class/eecs151-adv/fpga_labs_fa22/lab4/src/fsm.v:58]
CRITICAL WARNING: [Synth 8-6859] multi-driven net on pin Q with 2nd driver pin 'VCC' [/home/cc/eecs151/fa22/class/eecs151-adv/fpga_labs_fa22/lab4/src/fsm.v:58]
CRITICAL WARNING: [Synth 8-6858] multi-driven net Q is connected to at least one constant driver which has been preserved, other driver is ignored [/home/cc/eecs151/fa22/class/eecs151-adv/fpga_labs_fa22/lab4/src/fsm.v:58]
---------------------------------------------------------------------------------
Finished Cross Boundary and Area Optimization : Time (s): cpu = 00:00:15 ; elapsed = 00:00:17 . Memory (MB): peak = 2594.590 ; gain = 31.867 ; free physical = 10252 ; free virtual = 17442
---------------------------------------------------------------------------------
---------------------------------------------------------------------------------
Start ROM, RAM, DSP, Shift Register and Retiming Reporting
---------------------------------------------------------------------------------

ROM: Preliminary Mapping Report
+------------+------------+---------------+----------------+
|Module Name | RTL Object | Depth x Width | Implemented As | 
+------------+------------+---------------+----------------+
|z1top       | sel        | 256x10        | Block RAM      | 
+------------+------------+---------------+----------------+

---------------------------------------------------------------------------------
Finished ROM, RAM, DSP, Shift Register and Retiming Reporting
---------------------------------------------------------------------------------
---------------------------------------------------------------------------------
Start Applying XDC Timing Constraints
---------------------------------------------------------------------------------
---------------------------------------------------------------------------------
Finished Applying XDC Timing Constraints : Time (s): cpu = 00:00:22 ; elapsed = 00:00:23 . Memory (MB): peak = 2594.590 ; gain = 31.867 ; free physical = 10111 ; free virtual = 17305
---------------------------------------------------------------------------------
---------------------------------------------------------------------------------
Start Timing Optimization
---------------------------------------------------------------------------------
---------------------------------------------------------------------------------
Finished Timing Optimization : Time (s): cpu = 00:00:23 ; elapsed = 00:00:24 . Memory (MB): peak = 2594.590 ; gain = 31.867 ; free physical = 10115 ; free virtual = 17308
---------------------------------------------------------------------------------
---------------------------------------------------------------------------------
Start Technology Mapping
---------------------------------------------------------------------------------
INFO: [Synth 8-7052] The timing for the instance sel (implemented as a Block RAM) might be sub-optimal as no optional output register could be merged into the ram block. Providing additional output register may help in improving timing.
---------------------------------------------------------------------------------
Finished Technology Mapping : Time (s): cpu = 00:00:23 ; elapsed = 00:00:25 . Memory (MB): peak = 2594.590 ; gain = 31.867 ; free physical = 10096 ; free virtual = 17303
---------------------------------------------------------------------------------
---------------------------------------------------------------------------------
Start IO Insertion
---------------------------------------------------------------------------------
---------------------------------------------------------------------------------
Start Flattening Before IO Insertion
---------------------------------------------------------------------------------
---------------------------------------------------------------------------------
Finished Flattening Before IO Insertion
---------------------------------------------------------------------------------
---------------------------------------------------------------------------------
Start Final Netlist Cleanup
---------------------------------------------------------------------------------
---------------------------------------------------------------------------------
Finished Final Netlist Cleanup
---------------------------------------------------------------------------------
---------------------------------------------------------------------------------
Finished IO Insertion : Time (s): cpu = 00:00:27 ; elapsed = 00:00:28 . Memory (MB): peak = 2594.590 ; gain = 31.867 ; free physical = 10084 ; free virtual = 17289
---------------------------------------------------------------------------------
---------------------------------------------------------------------------------
Start Renaming Generated Instances
---------------------------------------------------------------------------------
---------------------------------------------------------------------------------
Finished Renaming Generated Instances : Time (s): cpu = 00:00:27 ; elapsed = 00:00:28 . Memory (MB): peak = 2594.590 ; gain = 31.867 ; free physical = 10084 ; free virtual = 17289
---------------------------------------------------------------------------------
---------------------------------------------------------------------------------
Start Rebuilding User Hierarchy
---------------------------------------------------------------------------------
---------------------------------------------------------------------------------
Finished Rebuilding User Hierarchy : Time (s): cpu = 00:00:27 ; elapsed = 00:00:28 . Memory (MB): peak = 2594.590 ; gain = 31.867 ; free physical = 10096 ; free virtual = 17300
---------------------------------------------------------------------------------
---------------------------------------------------------------------------------
Start Renaming Generated Ports
---------------------------------------------------------------------------------
---------------------------------------------------------------------------------
Finished Renaming Generated Ports : Time (s): cpu = 00:00:27 ; elapsed = 00:00:28 . Memory (MB): peak = 2594.590 ; gain = 31.867 ; free physical = 10096 ; free virtual = 17300
---------------------------------------------------------------------------------
---------------------------------------------------------------------------------
Start Handling Custom Attributes
---------------------------------------------------------------------------------
---------------------------------------------------------------------------------
Finished Handling Custom Attributes : Time (s): cpu = 00:00:27 ; elapsed = 00:00:28 . Memory (MB): peak = 2594.590 ; gain = 31.867 ; free physical = 10097 ; free virtual = 17300
---------------------------------------------------------------------------------
---------------------------------------------------------------------------------
Start Renaming Generated Nets
---------------------------------------------------------------------------------
---------------------------------------------------------------------------------
Finished Renaming Generated Nets : Time (s): cpu = 00:00:27 ; elapsed = 00:00:28 . Memory (MB): peak = 2594.590 ; gain = 31.867 ; free physical = 10097 ; free virtual = 17300
---------------------------------------------------------------------------------
---------------------------------------------------------------------------------
Start Writing Synthesis Report
---------------------------------------------------------------------------------

Report BlackBoxes: 
+-+--------------+----------+
| |BlackBox name |Instances |
+-+--------------+----------+
+-+--------------+----------+

Report Cell Usage: 
+------+---------+------+
|      |Cell     |Count |
+------+---------+------+
|1     |BUFG     |     1|
|2     |CARRY4   |    41|
|3     |LUT1     |    25|
|4     |LUT2     |    89|
|5     |LUT3     |    46|
|6     |LUT4     |    43|
|7     |LUT5     |    38|
|8     |LUT6     |    54|
|9     |RAMB18E1 |     1|
|10    |FDRE     |   195|
|11    |FDSE     |     4|
|12    |IBUF     |     7|
|13    |OBUF     |     8|
+------+---------+------+
---------------------------------------------------------------------------------
Finished Writing Synthesis Report : Time (s): cpu = 00:00:27 ; elapsed = 00:00:28 . Memory (MB): peak = 2594.590 ; gain = 31.867 ; free physical = 10097 ; free virtual = 17300
---------------------------------------------------------------------------------
Synthesis finished with 0 errors, 6 critical warnings and 2 warnings.
Synthesis Optimization Runtime : Time (s): cpu = 00:00:25 ; elapsed = 00:00:26 . Memory (MB): peak = 2594.590 ; gain = 0.012 ; free physical = 10153 ; free virtual = 17357
Synthesis Optimization Complete : Time (s): cpu = 00:00:27 ; elapsed = 00:00:28 . Memory (MB): peak = 2594.590 ; gain = 31.867 ; free physical = 10153 ; free virtual = 17357
INFO: [Project 1-571] Translating synthesized netlist
Netlist sorting complete. Time (s): cpu = 00:00:00.01 ; elapsed = 00:00:00.01 . Memory (MB): peak = 2594.590 ; gain = 0.000 ; free physical = 10243 ; free virtual = 17444
INFO: [Netlist 29-17] Analyzing 42 Unisim elements for replacement
INFO: [Netlist 29-28] Unisim Transformation completed in 0 CPU seconds
INFO: [Project 1-570] Preparing netlist for logic optimization
Parsing XDC File [/home/cc/eecs151/fa22/class/eecs151-adv/fpga_labs_fa22/lab4/src/z1top.xdc]
Finished Parsing XDC File [/home/cc/eecs151/fa22/class/eecs151-adv/fpga_labs_fa22/lab4/src/z1top.xdc]
INFO: [Opt 31-138] Pushed 0 inverter(s) to 0 load pin(s).
Netlist sorting complete. Time (s): cpu = 00:00:00 ; elapsed = 00:00:00 . Memory (MB): peak = 2594.590 ; gain = 0.000 ; free physical = 10178 ; free virtual = 17379
INFO: [Project 1-111] Unisim Transformation Summary:
No Unisim elements were transformed.

Synth Design complete, checksum: c2de943b
INFO: [Common 17-83] Releasing license: Synthesis
43 Infos, 6 Warnings, 6 Critical Warnings and 0 Errors encountered.
synth_design completed successfully
synth_design: Time (s): cpu = 00:00:40 ; elapsed = 00:00:37 . Memory (MB): peak = 2594.590 ; gain = 36.152 ; free physical = 10330 ; free virtual = 17531
INFO: [Common 17-600] The following parameters have non-default value.
general.maxThreads
# write_checkpoint -force ${TOP}.dcp
INFO: [Timing 38-480] Writing timing data to binary archive.
Writing placer database...
Writing XDEF routing.
Writing XDEF routing logical nets.
Writing XDEF routing special nets.
Write XDEF Complete: Time (s): cpu = 00:00:00.14 ; elapsed = 00:00:00.06 . Memory (MB): peak = 2634.598 ; gain = 0.004 ; free physical = 10328 ; free virtual = 17530
INFO: [Common 17-1381] The checkpoint '/home/cc/eecs151/fa22/class/eecs151-adv/fpga_labs_fa22/lab4/build/synth/z1top.dcp' has been generated.
# report_timing_summary -file post_synth_timing_summary.rpt
INFO: [Timing 38-35] Done setting XDC timing constraints.
INFO: [Timing 38-91] UpdateTimingParams: Speed grade: -1, Delay Type: min_max.
INFO: [Timing 38-191] Multithreading enabled for timing update using a maximum of 4 CPUs
# report_drc -file post_synth_drc.rpt
Command: report_drc -file post_synth_drc.rpt
INFO: [IP_Flow 19-234] Refreshing IP repositories
INFO: [IP_Flow 19-1704] No user IP repositories specified
INFO: [IP_Flow 19-2313] Loaded Vivado IP repository '/share/instsww/xilinx/Vivado/2021.1/data/ip'.
INFO: [DRC 23-27] Running DRC with 4 threads
INFO: [Vivado_Tcl 2-168] The results of DRC are in file /home/cc/eecs151/fa22/class/eecs151-adv/fpga_labs_fa22/lab4/build/synth/post_synth_drc.rpt.
report_drc completed successfully
# report_utilization -file post_synth_utilization.rpt
# write_verilog -force -file post_synth.v
# write_xdc -force -file post_synth.xdc
INFO: [Common 17-206] Exiting Vivado at Tue Oct  4 12:06:02 2022...
