Copyright 1986-2021 Xilinx, Inc. All Rights Reserved.
----------------------------------------------------------------------------------------------
| Tool Version : Vivado v.2021.1 (lin64) Build 3247384 Thu Jun 10 19:36:07 MDT 2021
| Date         : Tue Oct 18 13:53:27 2022
| Host         : c111-7.eecs.berkeley.edu running 64-bit CentOS Linux release 7.9.2009 (Core)
| Command      : report_timing_summary -file post_synth_timing_summary.rpt
| Design       : z1top
| Device       : 7z020-clg400
| Speed File   : -1  PRODUCTION 1.12 2019-11-22
----------------------------------------------------------------------------------------------

Timing Summary Report

------------------------------------------------------------------------------------------------
| Timer Settings
| --------------
------------------------------------------------------------------------------------------------

  Enable Multi Corner Analysis               :  Yes
  Enable Pessimism Removal                   :  Yes
  Pessimism Removal Resolution               :  Nearest Common Node
  Enable Input Delay Default Clock           :  No
  Enable Preset / Clear Arcs                 :  No
  Disable Flight Delays                      :  No
  Ignore I/O Paths                           :  No
  Timing Early Launch at Borrowing Latches   :  No
  Borrow Time for Max Delay Exceptions       :  Yes
  Merge Timing Exceptions                    :  Yes

  Corner  Analyze    Analyze    
  Name    Max Paths  Min Paths  
  ------  ---------  ---------  
  Slow    Yes        Yes        
  Fast    Yes        Yes        


------------------------------------------------------------------------------------------------
| Report Methodology
| ------------------
------------------------------------------------------------------------------------------------

No report available as report_methodology has not been run prior. Run report_methodology on the current design for the summary of methodology violations.



check_timing report

Table of Contents
-----------------
1. checking no_clock (14)
2. checking constant_clock (0)
3. checking pulse_width_clock (0)
4. checking unconstrained_internal_endpoints (2)
5. checking no_input_delay (3)
6. checking no_output_delay (1)
7. checking multiple_clock (0)
8. checking generated_clocks (0)
9. checking loops (0)
10. checking partial_input_delay (0)
11. checking partial_output_delay (0)
12. checking latch_loops (0)

1. checking no_clock (14)
-------------------------
 There are 2 register/latch pins with no clock driven by root clock pin: mem_ctrl/FSM_sequential_curr_state_reg[0]/Q (HIGH)

 There are 2 register/latch pins with no clock driven by root clock pin: mem_ctrl/FSM_sequential_curr_state_reg[1]/Q (HIGH)

 There are 2 register/latch pins with no clock driven by root clock pin: mem_ctrl/FSM_sequential_curr_state_reg[2]/Q (HIGH)

 There is 1 register/latch pin with no clock driven by root clock pin: tx_fifo/rdflipbit_reg/Q (HIGH)

 There is 1 register/latch pin with no clock driven by root clock pin: tx_fifo/rdpnt_reg[0]/Q (HIGH)

 There is 1 register/latch pin with no clock driven by root clock pin: tx_fifo/rdpnt_reg[1]/Q (HIGH)

 There is 1 register/latch pin with no clock driven by root clock pin: tx_fifo/rdpnt_reg[2]/Q (HIGH)

 There is 1 register/latch pin with no clock driven by root clock pin: tx_fifo/wrflipbit_reg/Q (HIGH)

 There is 1 register/latch pin with no clock driven by root clock pin: tx_fifo/wrpnt_reg[0]/Q (HIGH)

 There is 1 register/latch pin with no clock driven by root clock pin: tx_fifo/wrpnt_reg[1]/Q (HIGH)

 There is 1 register/latch pin with no clock driven by root clock pin: tx_fifo/wrpnt_reg[2]/Q (HIGH)


2. checking constant_clock (0)
------------------------------
 There are 0 register/latch pins with constant_clock.


3. checking pulse_width_clock (0)
---------------------------------
 There are 0 register/latch pins which need pulse_width check


4. checking unconstrained_internal_endpoints (2)
------------------------------------------------
 There are 2 pins that are not constrained for maximum delay. (HIGH)

 There are 0 pins that are not constrained for maximum delay due to constant clock.


5. checking no_input_delay (3)
------------------------------
 There are 3 input ports with no input delay specified. (HIGH)

 There are 0 input ports with no input delay but user has a false path constraint.


6. checking no_output_delay (1)
-------------------------------
 There is 1 port with no output delay specified. (HIGH)

 There are 0 ports with no output delay but user has a false path constraint

 There are 0 ports with no output delay but with a timing clock defined on it or propagating through it


7. checking multiple_clock (0)
------------------------------
 There are 0 register/latch pins with multiple clocks.


8. checking generated_clocks (0)
--------------------------------
 There are 0 generated clocks that are not connected to a clock source.


9. checking loops (0)
---------------------
 There are 0 combinational loops in the design.


10. checking partial_input_delay (0)
------------------------------------
 There are 0 input ports with partial input delay specified.


11. checking partial_output_delay (0)
-------------------------------------
 There are 0 ports with partial output delay specified.


12. checking latch_loops (0)
----------------------------
 There are 0 combinational latch loops in the design through latch input



------------------------------------------------------------------------------------------------
| Design Timing Summary
| ---------------------
------------------------------------------------------------------------------------------------

    WNS(ns)      TNS(ns)  TNS Failing Endpoints  TNS Total Endpoints      WHS(ns)      THS(ns)  THS Failing Endpoints  THS Total Endpoints     WPWS(ns)     TPWS(ns)  TPWS Failing Endpoints  TPWS Total Endpoints  
    -------      -------  ---------------------  -------------------      -------      -------  ---------------------  -------------------     --------     --------  ----------------------  --------------------  
      3.440        0.000                      0                  436        0.049        0.000                      0                  436        2.750        0.000                       0                   183  


All user specified timing constraints are met.


------------------------------------------------------------------------------------------------
| Clock Summary
| -------------
------------------------------------------------------------------------------------------------

Clock            Waveform(ns)         Period(ns)      Frequency(MHz)
-----            ------------         ----------      --------------
clk_125mhz_fpga  {0.000 4.000}        8.000           125.000         


------------------------------------------------------------------------------------------------
| Intra Clock Table
| -----------------
------------------------------------------------------------------------------------------------

Clock                WNS(ns)      TNS(ns)  TNS Failing Endpoints  TNS Total Endpoints      WHS(ns)      THS(ns)  THS Failing Endpoints  THS Total Endpoints     WPWS(ns)     TPWS(ns)  TPWS Failing Endpoints  TPWS Total Endpoints  
-----                -------      -------  ---------------------  -------------------      -------      -------  ---------------------  -------------------     --------     --------  ----------------------  --------------------  
clk_125mhz_fpga        3.440        0.000                      0                  436        0.049        0.000                      0                  436        2.750        0.000                       0                   183  


------------------------------------------------------------------------------------------------
| Inter Clock Table
| -----------------
------------------------------------------------------------------------------------------------

From Clock    To Clock          WNS(ns)      TNS(ns)  TNS Failing Endpoints  TNS Total Endpoints      WHS(ns)      THS(ns)  THS Failing Endpoints  THS Total Endpoints  
----------    --------          -------      -------  ---------------------  -------------------      -------      -------  ---------------------  -------------------  


------------------------------------------------------------------------------------------------
| Other Path Groups Table
| -----------------------
------------------------------------------------------------------------------------------------

Path Group    From Clock    To Clock          WNS(ns)      TNS(ns)  TNS Failing Endpoints  TNS Total Endpoints      WHS(ns)      THS(ns)  THS Failing Endpoints  THS Total Endpoints  
----------    ----------    --------          -------      -------  ---------------------  -------------------      -------      -------  ---------------------  -------------------  


------------------------------------------------------------------------------------------------
| Timing Details
| --------------
------------------------------------------------------------------------------------------------


---------------------------------------------------------------------------------------------------
From Clock:  clk_125mhz_fpga
  To Clock:  clk_125mhz_fpga

Setup :            0  Failing Endpoints,  Worst Slack        3.440ns,  Total Violation        0.000ns
Hold  :            0  Failing Endpoints,  Worst Slack        0.049ns,  Total Violation        0.000ns
PW    :            0  Failing Endpoints,  Worst Slack        2.750ns,  Total Violation        0.000ns
---------------------------------------------------------------------------------------------------


Max Delay Paths
--------------------------------------------------------------------------------------
Slack (MET) :             3.440ns  (required time - arrival time)
  Source:                 rx_fifo/wrpnt_reg[0]/C
                            (rising edge-triggered cell FDRE clocked by clk_125mhz_fpga  {rise@0.000ns fall@4.000ns period=8.000ns})
  Destination:            rx_fifo/out_reg[0]/R
                            (rising edge-triggered cell FDRE clocked by clk_125mhz_fpga  {rise@0.000ns fall@4.000ns period=8.000ns})
  Path Group:             clk_125mhz_fpga
  Path Type:              Setup (Max at Slow Process Corner)
  Requirement:            8.000ns  (clk_125mhz_fpga rise@8.000ns - clk_125mhz_fpga rise@0.000ns)
  Data Path Delay:        3.823ns  (logic 1.013ns (26.498%)  route 2.810ns (73.502%))
  Logic Levels:           3  (LUT2=1 LUT4=1 LUT6=1)
  Clock Path Skew:        -0.145ns (DCD - SCD + CPR)
    Destination Clock Delay (DCD):    2.670ns = ( 10.670 - 8.000 ) 
    Source Clock Delay      (SCD):    2.935ns
    Clock Pessimism Removal (CPR):    0.120ns
  Clock Uncertainty:      0.035ns  ((TSJ^2 + TIJ^2)^1/2 + DJ) / 2 + PE
    Total System Jitter     (TSJ):    0.071ns
    Total Input Jitter      (TIJ):    0.000ns
    Discrete Jitter          (DJ):    0.000ns
    Phase Error              (PE):    0.000ns

    Location             Delay type                Incr(ns)  Path(ns)    Netlist Resource(s)
  -------------------------------------------------------------------    -------------------
                         (clock clk_125mhz_fpga rise edge)
                                                      0.000     0.000 r  
    H16                                               0.000     0.000 r  CLK_125MHZ_FPGA (IN)
                         net (fo=0)                   0.000     0.000    CLK_125MHZ_FPGA
    H16                  IBUF (Prop_ibuf_I_O)         1.451     1.451 r  CLK_125MHZ_FPGA_IBUF_inst/O
                         net (fo=1, unplaced)         0.800     2.250    CLK_125MHZ_FPGA_IBUF
                         BUFG (Prop_bufg_I_O)         0.101     2.351 r  CLK_125MHZ_FPGA_IBUF_BUFG_inst/O
                         net (fo=182, unplaced)       0.584     2.935    rx_fifo/CLK_125MHZ_FPGA_IBUF_BUFG
                         FDRE                                         r  rx_fifo/wrpnt_reg[0]/C
  -------------------------------------------------------------------    -------------------
                         FDRE (Prop_fdre_C_Q)         0.478     3.413 r  rx_fifo/wrpnt_reg[0]/Q
                         net (fo=19, unplaced)        1.024     4.437    rx_fifo/wrpnt[0]
                         LUT6 (Prop_lut6_I0_O)        0.295     4.732 r  rx_fifo/out[7]_i_3/O
                         net (fo=4, unplaced)         0.473     5.205    rx_fifo/out[7]_i_3_n_0
                         LUT4 (Prop_lut4_I3_O)        0.124     5.329 f  rx_fifo/out[7]_i_2__0/O
                         net (fo=13, unplaced)        0.499     5.828    bp/button_edge_detector/rdpnt02_out_0
                         LUT2 (Prop_lut2_I1_O)        0.116     5.944 r  bp/button_edge_detector/out[7]_i_1__0/O
                         net (fo=8, unplaced)         0.814     6.758    rx_fifo/SR[0]
                         FDRE                                         r  rx_fifo/out_reg[0]/R
  -------------------------------------------------------------------    -------------------

                         (clock clk_125mhz_fpga rise edge)
                                                      8.000     8.000 r  
    H16                                               0.000     8.000 r  CLK_125MHZ_FPGA (IN)
                         net (fo=0)                   0.000     8.000    CLK_125MHZ_FPGA
    H16                  IBUF (Prop_ibuf_I_O)         1.380     9.380 r  CLK_125MHZ_FPGA_IBUF_inst/O
                         net (fo=1, unplaced)         0.760    10.140    CLK_125MHZ_FPGA_IBUF
                         BUFG (Prop_bufg_I_O)         0.091    10.231 r  CLK_125MHZ_FPGA_IBUF_BUFG_inst/O
                         net (fo=182, unplaced)       0.439    10.670    rx_fifo/CLK_125MHZ_FPGA_IBUF_BUFG
                         FDRE                                         r  rx_fifo/out_reg[0]/C
                         clock pessimism              0.120    10.790    
                         clock uncertainty           -0.035    10.755    
                         FDRE (Setup_fdre_C_R)       -0.557    10.198    rx_fifo/out_reg[0]
  -------------------------------------------------------------------
                         required time                         10.198    
                         arrival time                          -6.758    
  -------------------------------------------------------------------
                         slack                                  3.440    





Min Delay Paths
--------------------------------------------------------------------------------------
Slack (MET) :             0.049ns  (arrival time - required time)
  Source:                 on_chip_uart/uareceive/rx_shift_reg[1]/C
                            (rising edge-triggered cell FDRE clocked by clk_125mhz_fpga  {rise@0.000ns fall@4.000ns period=8.000ns})
  Destination:            rx_fifo/buffer_reg_0_7_0_5/RAMA/I
                            (rising edge-triggered cell RAMD32 clocked by clk_125mhz_fpga  {rise@0.000ns fall@4.000ns period=8.000ns})
  Path Group:             clk_125mhz_fpga
  Path Type:              Hold (Min at Fast Process Corner)
  Requirement:            0.000ns  (clk_125mhz_fpga rise@0.000ns - clk_125mhz_fpga rise@0.000ns)
  Data Path Delay:        0.288ns  (logic 0.147ns (51.079%)  route 0.141ns (48.921%))
  Logic Levels:           0  
  Clock Path Skew:        0.145ns (DCD - SCD - CPR)
    Destination Clock Delay (DCD):    1.049ns
    Source Clock Delay      (SCD):    0.696ns
    Clock Pessimism Removal (CPR):    0.208ns

    Location             Delay type                Incr(ns)  Path(ns)    Netlist Resource(s)
  -------------------------------------------------------------------    -------------------
                         (clock clk_125mhz_fpga rise edge)
                                                      0.000     0.000 r  
    H16                                               0.000     0.000 r  CLK_125MHZ_FPGA (IN)
                         net (fo=0)                   0.000     0.000    CLK_125MHZ_FPGA
    H16                  IBUF (Prop_ibuf_I_O)         0.219     0.219 r  CLK_125MHZ_FPGA_IBUF_inst/O
                         net (fo=1, unplaced)         0.337     0.556    CLK_125MHZ_FPGA_IBUF
                         BUFG (Prop_bufg_I_O)         0.026     0.582 r  CLK_125MHZ_FPGA_IBUF_BUFG_inst/O
                         net (fo=182, unplaced)       0.114     0.696    on_chip_uart/uareceive/CLK_125MHZ_FPGA_IBUF_BUFG
                         FDRE                                         r  on_chip_uart/uareceive/rx_shift_reg[1]/C
  -------------------------------------------------------------------    -------------------
                         FDRE (Prop_fdre_C_Q)         0.147     0.843 r  on_chip_uart/uareceive/rx_shift_reg[1]/Q
                         net (fo=1, unplaced)         0.141     0.984    rx_fifo/buffer_reg_0_7_0_5/DIA0
                         RAMD32                                       r  rx_fifo/buffer_reg_0_7_0_5/RAMA/I
  -------------------------------------------------------------------    -------------------

                         (clock clk_125mhz_fpga rise edge)
                                                      0.000     0.000 r  
    H16                                               0.000     0.000 r  CLK_125MHZ_FPGA (IN)
                         net (fo=0)                   0.000     0.000    CLK_125MHZ_FPGA
    H16                  IBUF (Prop_ibuf_I_O)         0.406     0.406 r  CLK_125MHZ_FPGA_IBUF_inst/O
                         net (fo=1, unplaced)         0.355     0.761    CLK_125MHZ_FPGA_IBUF
                         BUFG (Prop_bufg_I_O)         0.029     0.790 r  CLK_125MHZ_FPGA_IBUF_BUFG_inst/O
                         net (fo=182, unplaced)       0.259     1.049    rx_fifo/buffer_reg_0_7_0_5/WCLK
                         RAMD32                                       r  rx_fifo/buffer_reg_0_7_0_5/RAMA/CLK
                         clock pessimism             -0.208     0.841    
                         RAMD32 (Hold_ramd32_CLK_I)
                                                      0.094     0.935    rx_fifo/buffer_reg_0_7_0_5/RAMA
  -------------------------------------------------------------------
                         required time                         -0.935    
                         arrival time                           0.984    
  -------------------------------------------------------------------
                         slack                                  0.049    





Pulse Width Checks
--------------------------------------------------------------------------------------
Clock Name:         clk_125mhz_fpga
Waveform(ns):       { 0.000 4.000 }
Period(ns):         8.000
Sources:            { CLK_125MHZ_FPGA }

Check Type        Corner  Lib Pin             Reference Pin  Required(ns)  Actual(ns)  Slack(ns)  Location  Pin
Min Period        n/a     RAMB18E1/CLKARDCLK  n/a            2.576         8.000       5.424                mem_ctrl/mem/mem_reg/CLKARDCLK
Low Pulse Width   Slow    RAMD32/CLK          n/a            1.250         4.000       2.750                rx_fifo/buffer_reg_0_7_0_5/RAMA/CLK
High Pulse Width  Slow    RAMD32/CLK          n/a            1.250         4.000       2.750                rx_fifo/buffer_reg_0_7_0_5/RAMA/CLK



